
HexDump:     file format elf32-littlearm

Disassembly of section .text:

c0000000 <_romInit>:
c0000000:	e3a01000 	mov	r1, #0	; 0x0
c0000004:	ee011f10 	mcr	15, 0, r1, cr1, cr0, {0}
c0000008:	e1a00000 	nop			(mov r0,r0)
c000000c:	e1a00000 	nop			(mov r0,r0)
c0000010:	e1a00000 	nop			(mov r0,r0)
c0000014:	e59fd010 	ldr	sp, [pc, #10]	; c000002c <L$_STACK_ADDR>
c0000018:	e3a0b000 	mov	fp, #0	; 0x0
c000001c:	e59f1004 	ldr	r1, [pc, #4]	; c0000028 <L$_rStrtInRom>
c0000020:	e1a0f001 	mov	pc, r1

c0000024 <Halt>:
c0000024:	eafffffe 	b	c0000024 <Halt>

c0000028 <L$_rStrtInRom>:
c0000028:	c0000218 	andgt	r0, r0, r8, lsl r2

c000002c <L$_STACK_ADDR>:
c000002c:	c0004000 	andgt	r4, r0, r0

c0000030 <_start>:
c0000030:	eaffffff 	b	c0000034 <main>

c0000034 <main>:
c0000034:	e59f01c4 	ldr	r0, [pc, #1c4]	; c0000200 <putc+0xe0>
c0000038:	e3a01008 	mov	r1, #8	; 0x8
c000003c:	eb000028 	bl	c00000e4 <puts>
c0000040:	e59f01bc 	ldr	r0, [pc, #1bc]	; c0000204 <putc+0xe4>
c0000044:	e3a01008 	mov	r1, #8	; 0x8
c0000048:	eb000018 	bl	c00000b0 <phex>
c000004c:	e59f41b0 	ldr	r4, [pc, #1b0]	; c0000204 <putc+0xe4>
c0000050:	e3a05000 	mov	r5, #0	; 0x0

c0000054 <showAddress>:
c0000054:	e3a0000a 	mov	r0, #10	; 0xa
c0000058:	eb000030 	bl	c0000120 <putc>
c000005c:	e0840005 	add	r0, r4, r5
c0000060:	e3a01008 	mov	r1, #8	; 0x8
c0000064:	eb000011 	bl	c00000b0 <phex>
c0000068:	e3a00020 	mov	r0, #32	; 0x20
c000006c:	eb00002b 	bl	c0000120 <putc>

c0000070 <md>:
c0000070:	e7940005 	ldr	r0, [r4, r5]
c0000074:	e3a01008 	mov	r1, #8	; 0x8
c0000078:	eb00000c 	bl	c00000b0 <phex>
c000007c:	e3a00020 	mov	r0, #32	; 0x20
c0000080:	eb000026 	bl	c0000120 <putc>
c0000084:	e2855004 	add	r5, r5, #4	; 0x4
c0000088:	e3550c01 	cmp	r5, #256	; 0x100
c000008c:	0a000003 	beq	c00000a0 <halt>
c0000090:	e205603f 	and	r6, r5, #63	; 0x3f
c0000094:	e3560000 	cmp	r6, #0	; 0x0
c0000098:	0affffed 	beq	c0000054 <showAddress>
c000009c:	eafffff3 	b	c0000070 <md>

c00000a0 <halt>:
c00000a0:	eafffffe 	b	c00000a0 <halt>

c00000a4 <phexbuf>:
	...

c00000b0 <phex>:
c00000b0:	e24f3014 	sub	r3, pc, #20	; 0x14
c00000b4:	e3a02000 	mov	r2, #0	; 0x0
c00000b8:	e7c32001 	strb	r2, [r3, r1]
c00000bc:	e2511001 	subs	r1, r1, #1	; 0x1
c00000c0:	41a00003 	movmi	r0, r3
c00000c4:	4a000006 	bmi	c00000e4 <puts>
c00000c8:	e200200f 	and	r2, r0, #15	; 0xf
c00000cc:	e1a00220 	mov	r0, r0, lsr #4
c00000d0:	e352000a 	cmp	r2, #10	; 0xa
c00000d4:	a2822007 	addge	r2, r2, #7	; 0x7
c00000d8:	e2822030 	add	r2, r2, #48	; 0x30
c00000dc:	e7c32001 	strb	r2, [r3, r1]
c00000e0:	eafffff5 	b	c00000bc <phex+0xc>

c00000e4 <puts>:
c00000e4:	e3a03102 	mov	r3, #-2147483648	; 0x80000000
c00000e8:	e2833801 	add	r3, r3, #65536	; 0x10000
c00000ec:	e4d02001 	ldrb	r2, [r0], #1
c00000f0:	e3320000 	teq	r2, #0	; 0x0
c00000f4:	01a0f00e 	moveq	pc, lr
c00000f8:	e5832014 	str	r2, [r3, #20]
c00000fc:	e3a01a02 	mov	r1, #8192	; 0x2000
c0000100:	e2511001 	subs	r1, r1, #1	; 0x1
c0000104:	1afffffd 	bne	c0000100 <mem_start>
c0000108:	e332000a 	teq	r2, #10	; 0xa
c000010c:	03a0200d 	moveq	r2, #13	; 0xd
c0000110:	0afffff8 	beq	c00000f8 <puts+0x14>
c0000114:	e3300000 	teq	r0, #0	; 0x0
c0000118:	1afffff3 	bne	c00000ec <puts+0x8>
c000011c:	e1a0f00e 	mov	pc, lr

c0000120 <putc>:
c0000120:	e1a02000 	mov	r2, r0
c0000124:	e3a00000 	mov	r0, #0	; 0x0
c0000128:	e3a03102 	mov	r3, #-2147483648	; 0x80000000
c000012c:	e2833801 	add	r3, r3, #65536	; 0x10000
c0000130:	eafffff0 	b	c00000f8 <puts+0x14>
c0000134:	e1a0f00e 	mov	pc, lr
c0000138:	e1a00000 	nop			(mov r0,r0)
c000013c:	e1a00000 	nop			(mov r0,r0)
c0000140:	e1a00000 	nop			(mov r0,r0)
c0000144:	e1a00000 	nop			(mov r0,r0)
c0000148:	e1a00000 	nop			(mov r0,r0)
c000014c:	e1a00000 	nop			(mov r0,r0)
c0000150:	e1a00000 	nop			(mov r0,r0)
c0000154:	e1a00000 	nop			(mov r0,r0)
c0000158:	e1a00000 	nop			(mov r0,r0)
c000015c:	e1a00000 	nop			(mov r0,r0)
c0000160:	e1a00000 	nop			(mov r0,r0)
c0000164:	e1a00000 	nop			(mov r0,r0)
c0000168:	e1a00000 	nop			(mov r0,r0)
c000016c:	e1a00000 	nop			(mov r0,r0)
c0000170:	e1a00000 	nop			(mov r0,r0)
c0000174:	e1a00000 	nop			(mov r0,r0)
c0000178:	e1a00000 	nop			(mov r0,r0)
c000017c:	e1a00000 	nop			(mov r0,r0)
c0000180:	e1a00000 	nop			(mov r0,r0)
c0000184:	e1a00000 	nop			(mov r0,r0)
c0000188:	e1a00000 	nop			(mov r0,r0)
c000018c:	e1a00000 	nop			(mov r0,r0)
c0000190:	e1a00000 	nop			(mov r0,r0)
c0000194:	e1a00000 	nop			(mov r0,r0)
c0000198:	e1a00000 	nop			(mov r0,r0)
c000019c:	e1a00000 	nop			(mov r0,r0)
c00001a0:	e1a00000 	nop			(mov r0,r0)
c00001a4:	e1a00000 	nop			(mov r0,r0)
c00001a8:	e1a00000 	nop			(mov r0,r0)
c00001ac:	e1a00000 	nop			(mov r0,r0)
c00001b0:	e1a00000 	nop			(mov r0,r0)
c00001b4:	e1a00000 	nop			(mov r0,r0)
c00001b8:	e1a00000 	nop			(mov r0,r0)
c00001bc:	e1a00000 	nop			(mov r0,r0)
c00001c0:	e1a00000 	nop			(mov r0,r0)
c00001c4:	e1a00000 	nop			(mov r0,r0)
c00001c8:	e1a00000 	nop			(mov r0,r0)
c00001cc:	e1a00000 	nop			(mov r0,r0)
c00001d0:	e1a00000 	nop			(mov r0,r0)
c00001d4:	e1a00000 	nop			(mov r0,r0)
c00001d8:	e1a00000 	nop			(mov r0,r0)
c00001dc:	e1a00000 	nop			(mov r0,r0)
c00001e0:	e1a00000 	nop			(mov r0,r0)
c00001e4:	e1a00000 	nop			(mov r0,r0)
c00001e8:	e1a00000 	nop			(mov r0,r0)
c00001ec:	e1a00000 	nop			(mov r0,r0)
c00001f0:	e1a00000 	nop			(mov r0,r0)
c00001f4:	e1a00000 	nop			(mov r0,r0)
c00001f8:	e1a00000 	nop			(mov r0,r0)
c00001fc:	e1a00000 	nop			(mov r0,r0)
c0000200:	c0009630 	andgt	r9, r0, r0, lsr r6
c0000204:	c0000100 	andgt	r0, r0, r0, lsl #2

c0000208 <__gccmain>:
c0000208:	e1a0c00d 	mov	ip, sp
c000020c:	e92dd800 	stmdb	sp!, {fp, ip, lr, pc}
c0000210:	e24cb004 	sub	fp, ip, #4	; 0x4
c0000214:	e91ba800 	ldmdb	fp, {fp, sp, pc}

c0000218 <crt0>:
c0000218:	e1a0c00d 	mov	ip, sp
c000021c:	e92dd800 	stmdb	sp!, {fp, ip, lr, pc}
c0000220:	e24cb004 	sub	fp, ip, #4	; 0x4
c0000224:	eb00004e 	bl	c0000364 <timer_init>
c0000228:	eb0000d9 	bl	c0000594 <malloc_init>
c000022c:	e59f3020 	ldr	r3, [pc, #20]	; c0000254 <crt0+0x3c>
c0000230:	e593300c 	ldr	r3, [r3, #12]
c0000234:	e3530000 	cmp	r3, #0	; 0x0
c0000238:	0a000001 	beq	c0000244 <crt0+0x2c>
c000023c:	e1a0e00f 	mov	lr, pc
c0000240:	e1a0f003 	mov	pc, r3
c0000244:	e3a00000 	mov	r0, #0	; 0x0
c0000248:	e1a01000 	mov	r1, r0
c000024c:	ebffff78 	bl	c0000034 <main>
c0000250:	e91ba800 	ldmdb	fp, {fp, sp, pc}
c0000254:	c000963c 	andgt	r9, r0, ip, lsr r6

c0000258 <clear_timer>:
c0000258:	e1a0c00d 	mov	ip, sp
c000025c:	e92dd800 	stmdb	sp!, {fp, ip, lr, pc}
c0000260:	e24cb004 	sub	fp, ip, #4	; 0x4
c0000264:	e0800080 	add	r0, r0, r0, lsl #1
c0000268:	e1a00100 	mov	r0, r0, lsl #2
c000026c:	e59f3010 	ldr	r3, [pc, #10]	; c0000284 <clear_timer+0x2c>
c0000270:	e3a02000 	mov	r2, #0	; 0x0
c0000274:	e7832000 	str	r2, [r3, r0]
c0000278:	e2833004 	add	r3, r3, #4	; 0x4
c000027c:	e7832000 	str	r2, [r3, r0]
c0000280:	e91ba800 	ldmdb	fp, {fp, sp, pc}
c0000284:	c0009760 	andgt	r9, r0, r0, ror #14

c0000288 <set_timer>:
c0000288:	e1a0c00d 	mov	ip, sp
c000028c:	e92dd800 	stmdb	sp!, {fp, ip, lr, pc}
c0000290:	e24cb004 	sub	fp, ip, #4	; 0x4
c0000294:	e0800080 	add	r0, r0, r0, lsl #1
c0000298:	e1a00100 	mov	r0, r0, lsl #2
c000029c:	e59f3010 	ldr	r3, [pc, #10]	; c00002b4 <set_timer+0x2c>
c00002a0:	e3a02000 	mov	r2, #0	; 0x0
c00002a4:	e7831000 	str	r1, [r3, r0]
c00002a8:	e2833004 	add	r3, r3, #4	; 0x4
c00002ac:	e7832000 	str	r2, [r3, r0]
c00002b0:	e91ba800 	ldmdb	fp, {fp, sp, pc}
c00002b4:	c0009760 	andgt	r9, r0, r0, ror #14

c00002b8 <set_timer_fn>:
c00002b8:	e1a0c00d 	mov	ip, sp
c00002bc:	e92dd800 	stmdb	sp!, {fp, ip, lr, pc}
c00002c0:	e24cb004 	sub	fp, ip, #4	; 0x4
c00002c4:	e59f3008 	ldr	r3, [pc, #8]	; c00002d4 <set_timer_fn+0x1c>
c00002c8:	e0800080 	add	r0, r0, r0, lsl #1
c00002cc:	e7831100 	str	r1, [r3, r0, lsl #2]
c00002d0:	e91ba800 	ldmdb	fp, {fp, sp, pc}
c00002d4:	c0009768 	andgt	r9, r0, r8, ror #14

c00002d8 <time_interrupt>:
c00002d8:	e1a0c00d 	mov	ip, sp
c00002dc:	e92dd9f0 	stmdb	sp!, {r4, r5, r6, r7, r8, fp, ip, lr, pc}
c00002e0:	e24cb004 	sub	fp, ip, #4	; 0x4
c00002e4:	e3a05000 	mov	r5, #0	; 0x0
c00002e8:	e1a04005 	mov	r4, r5
c00002ec:	e3a08001 	mov	r8, #1	; 0x1
c00002f0:	e59f2064 	ldr	r2, [pc, #64]	; c000035c <time_interrupt+0x84>
c00002f4:	e59f6064 	ldr	r6, [pc, #64]	; c0000360 <time_interrupt+0x88>
c00002f8:	e5923000 	ldr	r3, [r2]
c00002fc:	e2867004 	add	r7, r6, #4	; 0x4
c0000300:	e0833008 	add	r3, r3, r8
c0000304:	e5823000 	str	r3, [r2]
c0000308:	e7943006 	ldr	r3, [r4, r6]
c000030c:	e3530000 	cmp	r3, #0	; 0x0
c0000310:	0a00000b 	beq	c0000344 <time_interrupt+0x6c>
c0000314:	e2433001 	sub	r3, r3, #1	; 0x1
c0000318:	e3530000 	cmp	r3, #0	; 0x0
c000031c:	e7843006 	str	r3, [r4, r6]
c0000320:	1a000007 	bne	c0000344 <time_interrupt+0x6c>
c0000324:	e2863008 	add	r3, r6, #8	; 0x8
c0000328:	e5878000 	str	r8, [r7]
c000032c:	e7933004 	ldr	r3, [r3, r4]
c0000330:	e3530000 	cmp	r3, #0	; 0x0
c0000334:	0a000002 	beq	c0000344 <time_interrupt+0x6c>
c0000338:	e1a00005 	mov	r0, r5
c000033c:	e1a0e00f 	mov	lr, pc
c0000340:	e1a0f003 	mov	pc, r3
c0000344:	e287700c 	add	r7, r7, #12	; 0xc
c0000348:	e284400c 	add	r4, r4, #12	; 0xc
c000034c:	e2855001 	add	r5, r5, #1	; 0x1
c0000350:	e3550001 	cmp	r5, #1	; 0x1
c0000354:	daffffeb 	ble	c0000308 <time_interrupt+0x30>
c0000358:	e91ba9f0 	ldmdb	fp, {r4, r5, r6, r7, r8, fp, sp, pc}
c000035c:	c0009778 	andgt	r9, r0, r8, ror r7
c0000360:	c0009760 	andgt	r9, r0, r0, ror #14

c0000364 <timer_init>:
c0000364:	e1a0c00d 	mov	ip, sp
c0000368:	e92dd800 	stmdb	sp!, {fp, ip, lr, pc}
c000036c:	e24cb004 	sub	fp, ip, #4	; 0x4
c0000370:	e3a01000 	mov	r1, #0	; 0x0
c0000374:	e3e00000 	mvn	r0, #0	; 0x0
c0000378:	e3a02001 	mov	r2, #1	; 0x1
c000037c:	e59f304c 	ldr	r3, [pc, #4c]	; c00003d0 <timer_init+0x6c>
c0000380:	e5831000 	str	r1, [r3]
c0000384:	e5831004 	str	r1, [r3, #4]
c0000388:	e5830008 	str	r0, [r3, #8]
c000038c:	e283300c 	add	r3, r3, #12	; 0xc
c0000390:	e2522001 	subs	r2, r2, #1	; 0x1
c0000394:	5afffff9 	bpl	c0000380 <timer_init+0x1c>
c0000398:	e59f3034 	ldr	r3, [pc, #34]	; c00003d4 <timer_init+0x70>
c000039c:	e3a01000 	mov	r1, #0	; 0x0
c00003a0:	e5932000 	ldr	r2, [r3]
c00003a4:	e59f302c 	ldr	r3, [pc, #2c]	; c00003d8 <timer_init+0x74>
c00003a8:	e2822a09 	add	r2, r2, #36864	; 0x9000
c00003ac:	e5831000 	str	r1, [r3]
c00003b0:	e3a03209 	mov	r3, #-1879048192	; 0x90000000
c00003b4:	e2811001 	add	r1, r1, #1	; 0x1
c00003b8:	e5832000 	str	r2, [r3]
c00003bc:	e59f2018 	ldr	r2, [pc, #18]	; c00003dc <timer_init+0x78>
c00003c0:	e2833014 	add	r3, r3, #20	; 0x14
c00003c4:	e5831000 	str	r1, [r3]
c00003c8:	e5821000 	str	r1, [r2]
c00003cc:	e91ba800 	ldmdb	fp, {fp, sp, pc}
c00003d0:	c0009760 	andgt	r9, r0, r0, ror #14
c00003d4:	90000010 	andls	r0, r0, r0, lsl r0
c00003d8:	c0009778 	andgt	r9, r0, r8, ror r7
c00003dc:	9000001c 	andls	r0, r0, ip, lsl r0

c00003e0 <timer_poll>:
c00003e0:	e1a0c00d 	mov	ip, sp
c00003e4:	e92dd830 	stmdb	sp!, {r4, r5, fp, ip, lr, pc}
c00003e8:	e24cb004 	sub	fp, ip, #4	; 0x4
c00003ec:	e59f2048 	ldr	r2, [pc, #48]	; c000043c <timer_poll+0x5c>
c00003f0:	e1a04000 	mov	r4, r0
c00003f4:	e5923000 	ldr	r3, [r2]
c00003f8:	e3a05209 	mov	r5, #-1879048192	; 0x90000000
c00003fc:	e3130001 	tst	r3, #1	; 0x1
c0000400:	0a000009 	beq	c000042c <timer_poll+0x4c>
c0000404:	e3a03001 	mov	r3, #1	; 0x1
c0000408:	e5823000 	str	r3, [r2]
c000040c:	ebffffb1 	bl	c00002d8 <time_interrupt>
c0000410:	e5953000 	ldr	r3, [r5]
c0000414:	e59f2024 	ldr	r2, [pc, #24]	; c0000440 <timer_poll+0x60>
c0000418:	e2833a09 	add	r3, r3, #36864	; 0x9000
c000041c:	e5853000 	str	r3, [r5]
c0000420:	e0843084 	add	r3, r4, r4, lsl #1
c0000424:	e7920103 	ldr	r0, [r2, r3, lsl #2]
c0000428:	e91ba830 	ldmdb	fp, {r4, r5, fp, sp, pc}
c000042c:	e59f200c 	ldr	r2, [pc, #c]	; c0000440 <timer_poll+0x60>
c0000430:	e0843084 	add	r3, r4, r4, lsl #1
c0000434:	e7920103 	ldr	r0, [r2, r3, lsl #2]
c0000438:	e91ba830 	ldmdb	fp, {r4, r5, fp, sp, pc}
c000043c:	90000014 	andls	r0, r0, r4, lsl r0
c0000440:	c0009764 	andgt	r9, r0, r4, ror #14

c0000444 <wait_cs>:
c0000444:	e1a0c00d 	mov	ip, sp
c0000448:	e92dd830 	stmdb	sp!, {r4, r5, fp, ip, lr, pc}
c000044c:	e24cb004 	sub	fp, ip, #4	; 0x4
c0000450:	e59f2028 	ldr	r2, [pc, #28]	; c0000480 <wait_cs+0x3c>
c0000454:	e5923000 	ldr	r3, [r2]
c0000458:	e1a05002 	mov	r5, r2
c000045c:	e0834000 	add	r4, r3, r0
c0000460:	e1530004 	cmp	r3, r4
c0000464:	2a000004 	bcs	c000047c <wait_cs+0x38>
c0000468:	e3a00000 	mov	r0, #0	; 0x0
c000046c:	ebffffdb 	bl	c00003e0 <timer_poll>
c0000470:	e5953000 	ldr	r3, [r5]
c0000474:	e1530004 	cmp	r3, r4
c0000478:	3afffffa 	bcc	c0000468 <wait_cs+0x24>
c000047c:	e91ba830 	ldmdb	fp, {r4, r5, fp, sp, pc}
c0000480:	c0009778 	andgt	r9, r0, r8, ror r7

c0000484 <CurrentTime>:
c0000484:	e1a0c00d 	mov	ip, sp
c0000488:	e92dd800 	stmdb	sp!, {fp, ip, lr, pc}
c000048c:	e24cb004 	sub	fp, ip, #4	; 0x4
c0000490:	e59f3004 	ldr	r3, [pc, #4]	; c000049c <CurrentTime+0x18>
c0000494:	e5930000 	ldr	r0, [r3]
c0000498:	e91ba800 	ldmdb	fp, {fp, sp, pc}
c000049c:	90000010 	andls	r0, r0, r0, lsl r0

c00004a0 <printf>:
c00004a0:	e1a0c00d 	mov	ip, sp
c00004a4:	e92d000f 	stmdb	sp!, {r0, r1, r2, r3}
c00004a8:	e92dd830 	stmdb	sp!, {r4, r5, fp, ip, lr, pc}
c00004ac:	e24cb014 	sub	fp, ip, #20	; 0x14
c00004b0:	e24ddb01 	sub	sp, sp, #1024	; 0x400
c00004b4:	e24b5e41 	sub	r5, fp, #1040	; 0x410
c00004b8:	e2455004 	sub	r5, r5, #4	; 0x4
c00004bc:	e1a00005 	mov	r0, r5
c00004c0:	e59b1004 	ldr	r1, [fp, #4]
c00004c4:	e28b2008 	add	r2, fp, #8	; 0x8
c00004c8:	eb00024a 	bl	c0000df8 <vsprintf>
c00004cc:	e59f3024 	ldr	r3, [pc, #24]	; c00004f8 <printf+0x58>
c00004d0:	e5933000 	ldr	r3, [r3]
c00004d4:	e1a04000 	mov	r4, r0
c00004d8:	e3530000 	cmp	r3, #0	; 0x0
c00004dc:	0a000003 	beq	c00004f0 <printf+0x50>
c00004e0:	e1a00005 	mov	r0, r5
c00004e4:	e1a01004 	mov	r1, r4
c00004e8:	e1a0e00f 	mov	lr, pc
c00004ec:	e1a0f003 	mov	pc, r3
c00004f0:	e1a00004 	mov	r0, r4
c00004f4:	ea000000 	b	c00004fc <printf+0x5c>
c00004f8:	c000963c 	andgt	r9, r0, ip, lsr r6
c00004fc:	e91ba830 	ldmdb	fp, {r4, r5, fp, sp, pc}

c0000500 <getc>:
c0000500:	e1a0c00d 	mov	ip, sp
c0000504:	e92dd800 	stmdb	sp!, {fp, ip, lr, pc}
c0000508:	e24cb004 	sub	fp, ip, #4	; 0x4
c000050c:	e24dd004 	sub	sp, sp, #4	; 0x4
c0000510:	e3a00000 	mov	r0, #0	; 0x0
c0000514:	ebffff4f 	bl	c0000258 <clear_timer>
c0000518:	e24b0010 	sub	r0, fp, #16	; 0x10
c000051c:	e59f301c 	ldr	r3, [pc, #1c]	; c0000540 <getc+0x40>
c0000520:	e3a01001 	mov	r1, #1	; 0x1
c0000524:	e1a0e00f 	mov	lr, pc
c0000528:	e593f004 	ldr	pc, [r3, #4]
c000052c:	e55b2010 	ldrb	r2, [fp, -#16]
c0000530:	e3500001 	cmp	r0, #1	; 0x1
c0000534:	01a00002 	moveq	r0, r2
c0000538:	13e00000 	mvnne	r0, #0	; 0x0
c000053c:	ea000000 	b	c0000544 <getc+0x44>
c0000540:	c000963c 	andgt	r9, r0, ip, lsr r6
c0000544:	e91ba800 	ldmdb	fp, {fp, sp, pc}

c0000548 <getc_timed>:
c0000548:	e1a0c00d 	mov	ip, sp
c000054c:	e92dd800 	stmdb	sp!, {fp, ip, lr, pc}
c0000550:	e24cb004 	sub	fp, ip, #4	; 0x4
c0000554:	e24dd004 	sub	sp, sp, #4	; 0x4
c0000558:	e1a01000 	mov	r1, r0
c000055c:	e3a00000 	mov	r0, #0	; 0x0
c0000560:	ebffff48 	bl	c0000288 <set_timer>
c0000564:	e24b0010 	sub	r0, fp, #16	; 0x10
c0000568:	e59f301c 	ldr	r3, [pc, #1c]	; c000058c <getc_timed+0x44>
c000056c:	e3a01001 	mov	r1, #1	; 0x1
c0000570:	e1a0e00f 	mov	lr, pc
c0000574:	e593f004 	ldr	pc, [r3, #4]
c0000578:	e55b2010 	ldrb	r2, [fp, -#16]
c000057c:	e3500001 	cmp	r0, #1	; 0x1
c0000580:	01a00002 	moveq	r0, r2
c0000584:	13e00000 	mvnne	r0, #0	; 0x0
c0000588:	ea000000 	b	c0000590 <getc_timed+0x48>
c000058c:	c000963c 	andgt	r9, r0, ip, lsr r6
c0000590:	e91ba800 	ldmdb	fp, {fp, sp, pc}

c0000594 <malloc_init>:
c0000594:	e1a0c00d 	mov	ip, sp
c0000598:	e92dd800 	stmdb	sp!, {fp, ip, lr, pc}
c000059c:	e24cb004 	sub	fp, ip, #4	; 0x4
c00005a0:	e59f2018 	ldr	r2, [pc, #18]	; c00005c0 <malloc_init+0x2c>
c00005a4:	e59f1018 	ldr	r1, [pc, #18]	; c00005c4 <malloc_init+0x30>
c00005a8:	e3a03000 	mov	r3, #0	; 0x0
c00005ac:	e5821000 	str	r1, [r2]
c00005b0:	e3a02601 	mov	r2, #1048576	; 0x100000
c00005b4:	e5813004 	str	r3, [r1, #4]
c00005b8:	e5812000 	str	r2, [r1]
c00005bc:	e91ba800 	ldmdb	fp, {fp, sp, pc}
c00005c0:	c0009750 	andgt	r9, r0, r0, asr r7
c00005c4:	81efffff 	strhid	pc, [pc, #ff]	; c00006cb <malloc+0x103>

c00005c8 <malloc>:
c00005c8:	e1a0c00d 	mov	ip, sp
c00005cc:	e92dddf0 	stmdb	sp!, {r4, r5, r6, r7, r8, sl, fp, ip, lr, pc}
c00005d0:	e24cb004 	sub	fp, ip, #4	; 0x4
c00005d4:	e1a05000 	mov	r5, r0
c00005d8:	e3a07000 	mov	r7, #0	; 0x0
c00005dc:	e59f00fc 	ldr	r0, [pc, #fc]	; c00006e0 <malloc+0x118>
c00005e0:	e1a01005 	mov	r1, r5
c00005e4:	ebffffad 	bl	c00004a0 <printf>
c00005e8:	e2853013 	add	r3, r5, #19	; 0x13
c00005ec:	e3c3500f 	bic	r5, r3, #15	; 0xf
c00005f0:	e59f00ec 	ldr	r0, [pc, #ec]	; c00006e4 <malloc+0x11c>
c00005f4:	e1a01005 	mov	r1, r5
c00005f8:	ebffffa8 	bl	c00004a0 <printf>
c00005fc:	e10fa000 	mrs	sl, CPSR
c0000600:	e10f3000 	mrs	r3, CPSR
c0000604:	e3c33080 	bic	r3, r3, #128	; 0x80
c0000608:	e129f003 	msr	CPSR_fc, r3
c000060c:	e59f60d4 	ldr	r6, [pc, #d4]	; c00006e8 <malloc+0x120>
c0000610:	e5963000 	ldr	r3, [r6]
c0000614:	e1530007 	cmp	r3, r7
c0000618:	0a000026 	beq	c00006b8 <malloc+0xf0>
c000061c:	e2858008 	add	r8, r5, #8	; 0x8
c0000620:	e5964000 	ldr	r4, [r6]
c0000624:	e59f00c0 	ldr	r0, [pc, #c0]	; c00006ec <malloc+0x124>
c0000628:	e5942000 	ldr	r2, [r4]
c000062c:	e1a01004 	mov	r1, r4
c0000630:	ebffff9a 	bl	c00004a0 <printf>
c0000634:	e5943000 	ldr	r3, [r4]
c0000638:	e1530005 	cmp	r3, r5
c000063c:	aa000002 	bge	c000064c <malloc+0x84>
c0000640:	e59f00a8 	ldr	r0, [pc, #a8]	; c00006f0 <malloc+0x128>
c0000644:	ebffff95 	bl	c00004a0 <printf>
c0000648:	ea000015 	b	c00006a4 <malloc+0xdc>
c000064c:	e1a07004 	mov	r7, r4
c0000650:	e4973004 	ldr	r3, [r7], #4
c0000654:	e1530008 	cmp	r3, r8
c0000658:	3a00000b 	bcc	c000068c <malloc+0xc4>
c000065c:	e5942004 	ldr	r2, [r4, #4]
c0000660:	e0870005 	add	r0, r7, r5
c0000664:	e5802004 	str	r2, [r0, #4]
c0000668:	e5943000 	ldr	r3, [r4]
c000066c:	e1a01000 	mov	r1, r0
c0000670:	e0653003 	rsb	r3, r5, r3
c0000674:	e7873005 	str	r3, [r7, r5]
c0000678:	e5860000 	str	r0, [r6]
c000067c:	e7972005 	ldr	r2, [r7, r5]
c0000680:	e59f006c 	ldr	r0, [pc, #6c]	; c00006f4 <malloc+0x12c>
c0000684:	ebffff85 	bl	c00004a0 <printf>
c0000688:	ea000003 	b	c000069c <malloc+0xd4>
c000068c:	e59f0064 	ldr	r0, [pc, #64]	; c00006f8 <malloc+0x130>
c0000690:	ebffff82 	bl	c00004a0 <printf>
c0000694:	e5943004 	ldr	r3, [r4, #4]
c0000698:	e5863000 	str	r3, [r6]
c000069c:	e5845000 	str	r5, [r4]
c00006a0:	ea000004 	b	c00006b8 <malloc+0xf0>
c00006a4:	e5963000 	ldr	r3, [r6]
c00006a8:	e5b32004 	ldr	r2, [r3, #4]!
c00006ac:	e1a06003 	mov	r6, r3
c00006b0:	e3520000 	cmp	r2, #0	; 0x0
c00006b4:	1affffd9 	bne	c0000620 <malloc+0x58>
c00006b8:	e59f003c 	ldr	r0, [pc, #3c]	; c00006fc <malloc+0x134>
c00006bc:	e1a01007 	mov	r1, r7
c00006c0:	ebffff76 	bl	c00004a0 <printf>
c00006c4:	e10f3000 	mrs	r3, CPSR
c00006c8:	e3c33080 	bic	r3, r3, #128	; 0x80
c00006cc:	e20aa080 	and	sl, sl, #128	; 0x80
c00006d0:	e183300a 	orr	r3, r3, sl
c00006d4:	e129f003 	msr	CPSR_fc, r3
c00006d8:	e1a00007 	mov	r0, r7
c00006dc:	e91badf0 	ldmdb	fp, {r4, r5, r6, r7, r8, sl, fp, sp, pc}
c00006e0:	c00014b0 	strgth	r1, [r0], -r0
c00006e4:	c00014bc 	strgth	r1, [r0], -ip
c00006e8:	c0009750 	andgt	r9, r0, r0, asr r7
c00006ec:	c00014d4 	ldrgtd	r1, [r0], -r4
c00006f0:	c00014f8 	strgtd	r1, [r0], -r8
c00006f4:	c0001504 	andgt	r1, r0, r4, lsl #10
c00006f8:	c0001530 	andgt	r1, r0, r0, lsr r5
c00006fc:	c0001538 	andgt	r1, r0, r8, lsr r5

c0000700 <free>:
c0000700:	e1a0c00d 	mov	ip, sp
c0000704:	e92ddff0 	stmdb	sp!, {r4, r5, r6, r7, r8, r9, sl, fp, ip, lr, pc}
c0000708:	e24cb004 	sub	fp, ip, #4	; 0x4
c000070c:	e2507000 	subs	r7, r0, #0	; 0x0
c0000710:	0a00004b 	beq	c0000844 <free+0x144>
c0000714:	e2476004 	sub	r6, r7, #4	; 0x4
c0000718:	e1a01007 	mov	r1, r7
c000071c:	e5173004 	ldr	r3, [r7, -#4]
c0000720:	e59f0120 	ldr	r0, [pc, #120]	; c0000848 <free+0x148>
c0000724:	e1a02006 	mov	r2, r6
c0000728:	ebffff5c 	bl	c00004a0 <printf>
c000072c:	e10fa000 	mrs	sl, CPSR
c0000730:	e10f3000 	mrs	r3, CPSR
c0000734:	e3c33080 	bic	r3, r3, #128	; 0x80
c0000738:	e129f003 	msr	CPSR_fc, r3
c000073c:	e59f8108 	ldr	r8, [pc, #108]	; c000084c <free+0x14c>
c0000740:	e5983000 	ldr	r3, [r8]
c0000744:	e1a09008 	mov	r9, r8
c0000748:	e3530000 	cmp	r3, #0	; 0x0
c000074c:	0a000023 	beq	c00007e0 <free+0xe0>
c0000750:	e5984000 	ldr	r4, [r8]
c0000754:	e5945000 	ldr	r5, [r4]
c0000758:	e0843005 	add	r3, r4, r5
c000075c:	e1530006 	cmp	r3, r6
c0000760:	1a000009 	bne	c000078c <free+0x8c>
c0000764:	e1a01004 	mov	r1, r4
c0000768:	e5942000 	ldr	r2, [r4]
c000076c:	e59f00dc 	ldr	r0, [pc, #dc]	; c0000850 <free+0x150>
c0000770:	e1a06004 	mov	r6, r4
c0000774:	ebffff49 	bl	c00004a0 <printf>
c0000778:	e5943000 	ldr	r3, [r4]
c000077c:	e7942005 	ldr	r2, [r4, r5]
c0000780:	e3a07000 	mov	r7, #0	; 0x0
c0000784:	e0833002 	add	r3, r3, r2
c0000788:	e5843000 	str	r3, [r4]
c000078c:	e5965000 	ldr	r5, [r6]
c0000790:	e0863005 	add	r3, r6, r5
c0000794:	e1530004 	cmp	r3, r4
c0000798:	1a00000b 	bne	c00007cc <free+0xcc>
c000079c:	e7962005 	ldr	r2, [r6, r5]
c00007a0:	e59f00ac 	ldr	r0, [pc, #ac]	; c0000854 <free+0x154>
c00007a4:	e1a01004 	mov	r1, r4
c00007a8:	ebffff3c 	bl	c00004a0 <printf>
c00007ac:	e5943004 	ldr	r3, [r4, #4]
c00007b0:	e5863004 	str	r3, [r6, #4]
c00007b4:	e5962000 	ldr	r2, [r6]
c00007b8:	e7963005 	ldr	r3, [r6, r5]
c00007bc:	e3a07000 	mov	r7, #0	; 0x0
c00007c0:	e0822003 	add	r2, r2, r3
c00007c4:	e5862000 	str	r2, [r6]
c00007c8:	e5886000 	str	r6, [r8]
c00007cc:	e5983000 	ldr	r3, [r8]
c00007d0:	e5b32004 	ldr	r2, [r3, #4]!
c00007d4:	e1a08003 	mov	r8, r3
c00007d8:	e3520000 	cmp	r2, #0	; 0x0
c00007dc:	1affffdb 	bne	c0000750 <free+0x50>
c00007e0:	e3570000 	cmp	r7, #0	; 0x0
c00007e4:	0a000011 	beq	c0000830 <free+0x130>
c00007e8:	e1a08009 	mov	r8, r9
c00007ec:	e5983000 	ldr	r3, [r8]
c00007f0:	e3530000 	cmp	r3, #0	; 0x0
c00007f4:	0a00000a 	beq	c0000824 <free+0x124>
c00007f8:	e5983000 	ldr	r3, [r8]
c00007fc:	e1530006 	cmp	r3, r6
c0000800:	aa000007 	bge	c0000824 <free+0x124>
c0000804:	e5982000 	ldr	r2, [r8]
c0000808:	e1a08002 	mov	r8, r2
c000080c:	e5b83004 	ldr	r3, [r8, #4]!
c0000810:	e3530000 	cmp	r3, #0	; 0x0
c0000814:	0a000002 	beq	c0000824 <free+0x124>
c0000818:	e5923004 	ldr	r3, [r2, #4]
c000081c:	e1530006 	cmp	r3, r6
c0000820:	bafffff7 	blt	c0000804 <free+0x104>
c0000824:	e3a03000 	mov	r3, #0	; 0x0
c0000828:	e5863004 	str	r3, [r6, #4]
c000082c:	e5886000 	str	r6, [r8]
c0000830:	e10f3000 	mrs	r3, CPSR
c0000834:	e3c33080 	bic	r3, r3, #128	; 0x80
c0000838:	e20aa080 	and	sl, sl, #128	; 0x80
c000083c:	e183300a 	orr	r3, r3, sl
c0000840:	e129f003 	msr	CPSR_fc, r3
c0000844:	e91baff0 	ldmdb	fp, {r4, r5, r6, r7, r8, r9, sl, fp, sp, pc}
c0000848:	c0001548 	andgt	r1, r0, r8, asr #10
c000084c:	c0009750 	andgt	r9, r0, r0, asr r7
c0000850:	c000156c 	andgt	r1, r0, ip, ror #10
c0000854:	c000159c 	mulgt	r0, ip, r5

c0000858 <ser_init>:
c0000858:	e1a0c00d 	mov	ip, sp
c000085c:	e92dd800 	stmdb	sp!, {fp, ip, lr, pc}
c0000860:	e24cb004 	sub	fp, ip, #4	; 0x4
c0000864:	e59fe05c 	ldr	lr, [pc, #5c]	; c00008c8 <ser_init+0x70>
c0000868:	e59fc05c 	ldr	ip, [pc, #5c]	; c00008cc <ser_init+0x74>
c000086c:	e59f205c 	ldr	r2, [pc, #5c]	; c00008d0 <ser_init+0x78>
c0000870:	e59f105c 	ldr	r1, [pc, #5c]	; c00008d4 <ser_init+0x7c>
c0000874:	e3a03001 	mov	r3, #1	; 0x1
c0000878:	e5823000 	str	r3, [r2]
c000087c:	e2433001 	sub	r3, r3, #1	; 0x1
c0000880:	e5813000 	str	r3, [r1]
c0000884:	e59c3000 	ldr	r3, [ip]
c0000888:	e2130001 	ands	r0, r3, #1	; 0x1
c000088c:	1afffffc 	bne	c0000884 <ser_init+0x2c>
c0000890:	e3a020ff 	mov	r2, #255	; 0xff
c0000894:	e59f303c 	ldr	r3, [pc, #3c]	; c00008d8 <ser_init+0x80>
c0000898:	e3a01008 	mov	r1, #8	; 0x8
c000089c:	e58e0000 	str	r0, [lr]
c00008a0:	e403201c 	str	r2, [r3], -#28
c00008a4:	e5831000 	str	r1, [r3]
c00008a8:	e2411007 	sub	r1, r1, #7	; 0x7
c00008ac:	e59f2028 	ldr	r2, [pc, #28]	; c00008dc <ser_init+0x84>
c00008b0:	e2833008 	add	r3, r3, #8	; 0x8
c00008b4:	e5820000 	str	r0, [r2]
c00008b8:	e3a02003 	mov	r2, #3	; 0x3
c00008bc:	e5831000 	str	r1, [r3]
c00008c0:	e58e2000 	str	r2, [lr]
c00008c4:	e91ba800 	ldmdb	fp, {fp, sp, pc}
c00008c8:	8001000c 	andhi	r0, r1, ip
c00008cc:	80010020 	andhi	r0, r1, r0, lsr #32
c00008d0:	80020060 	andhi	r0, r2, r0, rrx
c00008d4:	80020064 	andhi	r0, r2, r4, rrx
c00008d8:	8001001c 	andhi	r0, r1, ip, lsl r0
c00008dc:	80010004 	andhi	r0, r1, r4

c00008e0 <ser_read>:
c00008e0:	e1a0c00d 	mov	ip, sp
c00008e4:	e92dd9f0 	stmdb	sp!, {r4, r5, r6, r7, r8, fp, ip, lr, pc}
c00008e8:	e24cb004 	sub	fp, ip, #4	; 0x4
c00008ec:	e1a08000 	mov	r8, r0
c00008f0:	e3a06000 	mov	r6, #0	; 0x0
c00008f4:	e1a07001 	mov	r7, r1
c00008f8:	e1560007 	cmp	r6, r7
c00008fc:	aa000013 	bge	c0000950 <ser_read+0x70>
c0000900:	e59f3050 	ldr	r3, [pc, #50]	; c0000958 <ser_read+0x78>
c0000904:	e5934000 	ldr	r4, [r3]
c0000908:	e3140002 	tst	r4, #2	; 0x2
c000090c:	1a000009 	bne	c0000938 <ser_read+0x58>
c0000910:	e1a05003 	mov	r5, r3
c0000914:	e3a00000 	mov	r0, #0	; 0x0
c0000918:	e5954000 	ldr	r4, [r5]
c000091c:	ebfffeaf 	bl	c00003e0 <timer_poll>
c0000920:	e3500000 	cmp	r0, #0	; 0x0
c0000924:	0a000001 	beq	c0000930 <ser_read+0x50>
c0000928:	e3e00000 	mvn	r0, #0	; 0x0
c000092c:	e91ba9f0 	ldmdb	fp, {r4, r5, r6, r7, r8, fp, sp, pc}
c0000930:	e3140002 	tst	r4, #2	; 0x2
c0000934:	0afffff6 	beq	c0000914 <ser_read+0x34>
c0000938:	e59f301c 	ldr	r3, [pc, #1c]	; c000095c <ser_read+0x7c>
c000093c:	e2866001 	add	r6, r6, #1	; 0x1
c0000940:	e5932000 	ldr	r2, [r3]
c0000944:	e1560007 	cmp	r6, r7
c0000948:	e4c82001 	strb	r2, [r8], #1
c000094c:	baffffeb 	blt	c0000900 <ser_read+0x20>
c0000950:	e1a00006 	mov	r0, r6
c0000954:	e91ba9f0 	ldmdb	fp, {r4, r5, r6, r7, r8, fp, sp, pc}
c0000958:	80010020 	andhi	r0, r1, r0, lsr #32
c000095c:	80010014 	andhi	r0, r1, r4, lsl r0

c0000960 <ser_write>:
c0000960:	e1a0c00d 	mov	ip, sp
c0000964:	e92dd800 	stmdb	sp!, {fp, ip, lr, pc}
c0000968:	e24cb004 	sub	fp, ip, #4	; 0x4
c000096c:	e3510000 	cmp	r1, #0	; 0x0
c0000970:	da00000a 	ble	c00009a0 <ser_write+0x40>
c0000974:	e59fc028 	ldr	ip, [pc, #28]	; c00009a4 <ser_write+0x44>
c0000978:	e59fe028 	ldr	lr, [pc, #28]	; c00009a8 <ser_write+0x48>
c000097c:	e4d03001 	ldrb	r3, [r0], #1
c0000980:	e2411001 	sub	r1, r1, #1	; 0x1
c0000984:	e20320ff 	and	r2, r3, #255	; 0xff
c0000988:	e59c3000 	ldr	r3, [ip]
c000098c:	e3130004 	tst	r3, #4	; 0x4
c0000990:	0afffffc 	beq	c0000988 <ser_write+0x28>
c0000994:	e3510000 	cmp	r1, #0	; 0x0
c0000998:	e58e2000 	str	r2, [lr]
c000099c:	cafffff6 	bgt	c000097c <ser_write+0x1c>
c00009a0:	e91ba800 	ldmdb	fp, {fp, sp, pc}
c00009a4:	80010020 	andhi	r0, r1, r0, lsr #32
c00009a8:	80010014 	andhi	r0, r1, r4, lsl r0

c00009ac <ser_stat>:
c00009ac:	e1a0c00d 	mov	ip, sp
c00009b0:	e92dd800 	stmdb	sp!, {fp, ip, lr, pc}
c00009b4:	e24cb004 	sub	fp, ip, #4	; 0x4
c00009b8:	e59f300c 	ldr	r3, [pc, #c]	; c00009cc <ser_stat+0x20>
c00009bc:	e5930000 	ldr	r0, [r3]
c00009c0:	e1a000a0 	mov	r0, r0, lsr #1
c00009c4:	e2000001 	and	r0, r0, #1	; 0x1
c00009c8:	e91ba800 	ldmdb	fp, {fp, sp, pc}
c00009cc:	80010020 	andhi	r0, r1, r0, lsr #32

c00009d0 <simple_strtoul>:
c00009d0:	e1a0c00d 	mov	ip, sp
c00009d4:	e92dd8f0 	stmdb	sp!, {r4, r5, r6, r7, fp, ip, lr, pc}
c00009d8:	e24cb004 	sub	fp, ip, #4	; 0x4
c00009dc:	e3a04000 	mov	r4, #0	; 0x0
c00009e0:	e252c000 	subs	ip, r2, #0	; 0x0
c00009e4:	e1a05001 	mov	r5, r1
c00009e8:	e59f70f0 	ldr	r7, [pc, #f0]	; c0000ae0 <simple_strtoul+0x110>
c00009ec:	1a00000e 	bne	c0000a2c <simple_strtoul+0x5c>
c00009f0:	e5d03000 	ldrb	r3, [r0]
c00009f4:	e3a0c00a 	mov	ip, #10	; 0xa
c00009f8:	e3530030 	cmp	r3, #48	; 0x30
c00009fc:	1a00000a 	bne	c0000a2c <simple_strtoul+0x5c>
c0000a00:	e5f03001 	ldrb	r3, [r0, #1]!
c0000a04:	e24cc002 	sub	ip, ip, #2	; 0x2
c0000a08:	e3530078 	cmp	r3, #120	; 0x78
c0000a0c:	1a000006 	bne	c0000a2c <simple_strtoul+0x5c>
c0000a10:	e5d03001 	ldrb	r3, [r0, #1]
c0000a14:	e20330ff 	and	r3, r3, #255	; 0xff
c0000a18:	e7d72003 	ldrb	r2, [r7, r3]
c0000a1c:	e2022044 	and	r2, r2, #68	; 0x44
c0000a20:	e1520004 	cmp	r2, r4
c0000a24:	12800001 	addne	r0, r0, #1	; 0x1
c0000a28:	128cc008 	addne	ip, ip, #8	; 0x8
c0000a2c:	e5d02000 	ldrb	r2, [r0]
c0000a30:	e1a0e007 	mov	lr, r7
c0000a34:	e20220ff 	and	r2, r2, #255	; 0xff
c0000a38:	e7de3002 	ldrb	r3, [lr, r2]
c0000a3c:	e2033044 	and	r3, r3, #68	; 0x44
c0000a40:	e3530000 	cmp	r3, #0	; 0x0
c0000a44:	0a000021 	beq	c0000ad0 <simple_strtoul+0x100>
c0000a48:	e1a0600e 	mov	r6, lr
c0000a4c:	e5d03000 	ldrb	r3, [r0]
c0000a50:	e20330ff 	and	r3, r3, #255	; 0xff
c0000a54:	e7d62003 	ldrb	r2, [r6, r3]
c0000a58:	e3120004 	tst	r2, #4	; 0x4
c0000a5c:	0a000002 	beq	c0000a6c <simple_strtoul+0x9c>
c0000a60:	e5d03000 	ldrb	r3, [r0]
c0000a64:	e2431030 	sub	r1, r3, #48	; 0x30
c0000a68:	ea00000e 	b	c0000aa8 <simple_strtoul+0xd8>
c0000a6c:	e5d03000 	ldrb	r3, [r0]
c0000a70:	e20330ff 	and	r3, r3, #255	; 0xff
c0000a74:	e7de2003 	ldrb	r2, [lr, r3]
c0000a78:	e3120002 	tst	r2, #2	; 0x2
c0000a7c:	0a000007 	beq	c0000aa0 <simple_strtoul+0xd0>
c0000a80:	e5d01000 	ldrb	r1, [r0]
c0000a84:	e20110ff 	and	r1, r1, #255	; 0xff
c0000a88:	e2413020 	sub	r3, r1, #32	; 0x20
c0000a8c:	e7de2001 	ldrb	r2, [lr, r1]
c0000a90:	e20330ff 	and	r3, r3, #255	; 0xff
c0000a94:	e3120002 	tst	r2, #2	; 0x2
c0000a98:	01a03001 	moveq	r3, r1
c0000a9c:	ea000000 	b	c0000aa4 <simple_strtoul+0xd4>
c0000aa0:	e5d03000 	ldrb	r3, [r0]
c0000aa4:	e2431037 	sub	r1, r3, #55	; 0x37
c0000aa8:	e151000c 	cmp	r1, ip
c0000aac:	2a000007 	bcs	c0000ad0 <simple_strtoul+0x100>
c0000ab0:	e5f03001 	ldrb	r3, [r0, #1]!
c0000ab4:	e1a0e007 	mov	lr, r7
c0000ab8:	e20330ff 	and	r3, r3, #255	; 0xff
c0000abc:	e7de2003 	ldrb	r2, [lr, r3]
c0000ac0:	e024149c 	mla	r4, ip, r4, r1
c0000ac4:	e2022044 	and	r2, r2, #68	; 0x44
c0000ac8:	e3520000 	cmp	r2, #0	; 0x0
c0000acc:	1affffde 	bne	c0000a4c <simple_strtoul+0x7c>
c0000ad0:	e3550000 	cmp	r5, #0	; 0x0
c0000ad4:	15850000 	strne	r0, [r5]
c0000ad8:	e1a00004 	mov	r0, r4
c0000adc:	e91ba8f0 	ldmdb	fp, {r4, r5, r6, r7, fp, sp, pc}
c0000ae0:	c000964c 	andgt	r9, r0, ip, asr #12

c0000ae4 <skip_atoi>:
c0000ae4:	e1a0c00d 	mov	ip, sp
c0000ae8:	e92dd800 	stmdb	sp!, {fp, ip, lr, pc}
c0000aec:	e24cb004 	sub	fp, ip, #4	; 0x4
c0000af0:	e1a0c000 	mov	ip, r0
c0000af4:	e59c3000 	ldr	r3, [ip]
c0000af8:	e5d32000 	ldrb	r2, [r3]
c0000afc:	e3a01000 	mov	r1, #0	; 0x0
c0000b00:	e352002f 	cmp	r2, #47	; 0x2f
c0000b04:	ea000008 	b	c0000b2c <skip_atoi+0x48>
c0000b08:	e59c3000 	ldr	r3, [ip]
c0000b0c:	e4d32001 	ldrb	r2, [r3], #1
c0000b10:	e0811101 	add	r1, r1, r1, lsl #2
c0000b14:	e58c3000 	str	r3, [ip]
c0000b18:	e59c3000 	ldr	r3, [ip]
c0000b1c:	e0822081 	add	r2, r2, r1, lsl #1
c0000b20:	e5d30000 	ldrb	r0, [r3]
c0000b24:	e2421030 	sub	r1, r2, #48	; 0x30
c0000b28:	e350002f 	cmp	r0, #47	; 0x2f
c0000b2c:	9a000003 	bls	c0000b40 <skip_atoi+0x5c>
c0000b30:	e59c3000 	ldr	r3, [ip]
c0000b34:	e5d32000 	ldrb	r2, [r3]
c0000b38:	e3520039 	cmp	r2, #57	; 0x39
c0000b3c:	9afffff1 	bls	c0000b08 <skip_atoi+0x24>
c0000b40:	e1a00001 	mov	r0, r1
c0000b44:	e91ba800 	ldmdb	fp, {fp, sp, pc}

c0000b48 <number>:
c0000b48:	e1a0c00d 	mov	ip, sp
c0000b4c:	e92ddff0 	stmdb	sp!, {r4, r5, r6, r7, r8, r9, sl, fp, ip, lr, pc}
c0000b50:	e24cb004 	sub	fp, ip, #4	; 0x4
c0000b54:	e24dd060 	sub	sp, sp, #96	; 0x60
c0000b58:	e1a08000 	mov	r8, r0
c0000b5c:	e1a06001 	mov	r6, r1
c0000b60:	e1a05003 	mov	r5, r3
c0000b64:	e1a0a002 	mov	sl, r2
c0000b68:	e59b9004 	ldr	r9, [fp, #4]
c0000b6c:	e59b1008 	ldr	r1, [fp, #8]
c0000b70:	e59f019c 	ldr	r0, [pc, #19c]	; c0000d14 <number+0x1cc>
c0000b74:	e59f319c 	ldr	r3, [pc, #19c]	; c0000d18 <number+0x1d0>
c0000b78:	e3110040 	tst	r1, #64	; 0x40
c0000b7c:	11a00003 	movne	r0, r3
c0000b80:	e3110010 	tst	r1, #16	; 0x10
c0000b84:	e3c13001 	bic	r3, r1, #1	; 0x1
c0000b88:	11a01003 	movne	r1, r3
c0000b8c:	e24a3002 	sub	r3, sl, #2	; 0x2
c0000b90:	e3530022 	cmp	r3, #34	; 0x22
c0000b94:	e50b0078 	str	r0, [fp, -#120]
c0000b98:	83a00000 	movhi	r0, #0	; 0x0
c0000b9c:	8a000094 	bhi	c0000df4 <number+0x2ac>
c0000ba0:	e3110001 	tst	r1, #1	; 0x1
c0000ba4:	e3a02000 	mov	r2, #0	; 0x0
c0000ba8:	03a03020 	moveq	r3, #32	; 0x20
c0000bac:	13a03030 	movne	r3, #48	; 0x30
c0000bb0:	e3110002 	tst	r1, #2	; 0x2
c0000bb4:	e50b2074 	str	r2, [fp, -#116]
c0000bb8:	e50b3070 	str	r3, [fp, -#112]
c0000bbc:	0a000011 	beq	c0000c08 <number+0xc0>
c0000bc0:	e1560002 	cmp	r6, r2
c0000bc4:	aa000004 	bge	c0000bdc <number+0x94>
c0000bc8:	e3a0002d 	mov	r0, #45	; 0x2d
c0000bcc:	e2666000 	rsb	r6, r6, #0	; 0x0
c0000bd0:	e2455001 	sub	r5, r5, #1	; 0x1
c0000bd4:	e50b0074 	str	r0, [fp, -#116]
c0000bd8:	ea00000a 	b	c0000c08 <number+0xc0>
c0000bdc:	e3110004 	tst	r1, #4	; 0x4
c0000be0:	0a000003 	beq	c0000bf4 <number+0xac>
c0000be4:	e3a0202b 	mov	r2, #43	; 0x2b
c0000be8:	e2455001 	sub	r5, r5, #1	; 0x1
c0000bec:	e50b2074 	str	r2, [fp, -#116]
c0000bf0:	ea000004 	b	c0000c08 <number+0xc0>
c0000bf4:	e3110008 	tst	r1, #8	; 0x8
c0000bf8:	0a000002 	beq	c0000c08 <number+0xc0>
c0000bfc:	e3a03020 	mov	r3, #32	; 0x20
c0000c00:	e2455001 	sub	r5, r5, #1	; 0x1
c0000c04:	e50b3074 	str	r3, [fp, -#116]
c0000c08:	e2113020 	ands	r3, r1, #32	; 0x20
c0000c0c:	e50b3088 	str	r3, [fp, -#136]
c0000c10:	0a000004 	beq	c0000c28 <number+0xe0>
c0000c14:	e35a0010 	cmp	sl, #16	; 0x10
c0000c18:	02455002 	subeq	r5, r5, #2	; 0x2
c0000c1c:	0a000001 	beq	c0000c28 <number+0xe0>
c0000c20:	e35a0008 	cmp	sl, #8	; 0x8
c0000c24:	02455001 	subeq	r5, r5, #1	; 0x1
c0000c28:	e3a07000 	mov	r7, #0	; 0x0
c0000c2c:	e1560007 	cmp	r6, r7
c0000c30:	1a000007 	bne	c0000c54 <number+0x10c>
c0000c34:	e2877001 	add	r7, r7, #1	; 0x1
c0000c38:	e2010010 	and	r0, r1, #16	; 0x10
c0000c3c:	e2011011 	and	r1, r1, #17	; 0x11
c0000c40:	e3a03030 	mov	r3, #48	; 0x30
c0000c44:	e50b0080 	str	r0, [fp, -#128]
c0000c48:	e50b1084 	str	r1, [fp, -#132]
c0000c4c:	e54b306c 	strb	r3, [fp, -#108]
c0000c50:	ea000013 	b	c0000ca4 <number+0x15c>
c0000c54:	e2012010 	and	r2, r1, #16	; 0x10
c0000c58:	e24b306c 	sub	r3, fp, #108	; 0x6c
c0000c5c:	e2011011 	and	r1, r1, #17	; 0x11
c0000c60:	e50b2080 	str	r2, [fp, -#128]
c0000c64:	e50b307c 	str	r3, [fp, -#124]
c0000c68:	e50b1084 	str	r1, [fp, -#132]
c0000c6c:	e1a00006 	mov	r0, r6
c0000c70:	e1a0100a 	mov	r1, sl
c0000c74:	eb0001d9 	bl	c00013e0 <__umodsi3>
c0000c78:	e1a04000 	mov	r4, r0
c0000c7c:	e1a00006 	mov	r0, r6
c0000c80:	e1a0100a 	mov	r1, sl
c0000c84:	eb0001af 	bl	c0001348 <__udivsi3>
c0000c88:	e2506000 	subs	r6, r0, #0	; 0x0
c0000c8c:	e51b2078 	ldr	r2, [fp, -#120]
c0000c90:	e51b007c 	ldr	r0, [fp, -#124]
c0000c94:	e7d23004 	ldrb	r3, [r2, r4]
c0000c98:	e7c03007 	strb	r3, [r0, r7]
c0000c9c:	e2877001 	add	r7, r7, #1	; 0x1
c0000ca0:	1afffff1 	bne	c0000c6c <number+0x124>
c0000ca4:	e1570009 	cmp	r7, r9
c0000ca8:	a1a09007 	movge	r9, r7
c0000cac:	e0695005 	rsb	r5, r9, r5
c0000cb0:	e51b2084 	ldr	r2, [fp, -#132]
c0000cb4:	e2471001 	sub	r1, r7, #1	; 0x1
c0000cb8:	e3520000 	cmp	r2, #0	; 0x0
c0000cbc:	1a000009 	bne	c0000ce8 <number+0x1a0>
c0000cc0:	e1a03005 	mov	r3, r5
c0000cc4:	e2455001 	sub	r5, r5, #1	; 0x1
c0000cc8:	e3530000 	cmp	r3, #0	; 0x0
c0000ccc:	da000005 	ble	c0000ce8 <number+0x1a0>
c0000cd0:	e3a02020 	mov	r2, #32	; 0x20
c0000cd4:	e1a03005 	mov	r3, r5
c0000cd8:	e2455001 	sub	r5, r5, #1	; 0x1
c0000cdc:	e3530000 	cmp	r3, #0	; 0x0
c0000ce0:	e4c82001 	strb	r2, [r8], #1
c0000ce4:	cafffffa 	bgt	c0000cd4 <number+0x18c>
c0000ce8:	e51b3074 	ldr	r3, [fp, -#116]
c0000cec:	e3530000 	cmp	r3, #0	; 0x0
c0000cf0:	14c83001 	strneb	r3, [r8], #1
c0000cf4:	e51b0088 	ldr	r0, [fp, -#136]
c0000cf8:	e3500000 	cmp	r0, #0	; 0x0
c0000cfc:	0a00000d 	beq	c0000d38 <number+0x1f0>
c0000d00:	e35a0008 	cmp	sl, #8	; 0x8
c0000d04:	1a000004 	bne	c0000d1c <number+0x1d4>
c0000d08:	e3a03030 	mov	r3, #48	; 0x30
c0000d0c:	e4c83001 	strb	r3, [r8], #1
c0000d10:	ea000008 	b	c0000d38 <number+0x1f0>
c0000d14:	c00015c8 	andgt	r1, r0, r8, asr #11
c0000d18:	c00015f0 	strgtd	r1, [r0], -r0
c0000d1c:	e35a0010 	cmp	sl, #16	; 0x10
c0000d20:	1a000004 	bne	c0000d38 <number+0x1f0>
c0000d24:	e3a03030 	mov	r3, #48	; 0x30
c0000d28:	e4c83001 	strb	r3, [r8], #1
c0000d2c:	e51b3078 	ldr	r3, [fp, -#120]
c0000d30:	e5d32021 	ldrb	r2, [r3, #33]
c0000d34:	e4c82001 	strb	r2, [r8], #1
c0000d38:	e51b0080 	ldr	r0, [fp, -#128]
c0000d3c:	e2492001 	sub	r2, r9, #1	; 0x1
c0000d40:	e3500000 	cmp	r0, #0	; 0x0
c0000d44:	1a000009 	bne	c0000d70 <number+0x228>
c0000d48:	e1a03005 	mov	r3, r5
c0000d4c:	e2455001 	sub	r5, r5, #1	; 0x1
c0000d50:	e3530000 	cmp	r3, #0	; 0x0
c0000d54:	da000005 	ble	c0000d70 <number+0x228>
c0000d58:	e1a03005 	mov	r3, r5
c0000d5c:	e3530000 	cmp	r3, #0	; 0x0
c0000d60:	e51b3070 	ldr	r3, [fp, -#112]
c0000d64:	e2455001 	sub	r5, r5, #1	; 0x1
c0000d68:	e4c83001 	strb	r3, [r8], #1
c0000d6c:	cafffff9 	bgt	c0000d58 <number+0x210>
c0000d70:	e1a03009 	mov	r3, r9
c0000d74:	e1a09002 	mov	r9, r2
c0000d78:	e1570003 	cmp	r7, r3
c0000d7c:	e2450001 	sub	r0, r5, #1	; 0x1
c0000d80:	aa000005 	bge	c0000d9c <number+0x254>
c0000d84:	e3a02030 	mov	r2, #48	; 0x30
c0000d88:	e1a03009 	mov	r3, r9
c0000d8c:	e2499001 	sub	r9, r9, #1	; 0x1
c0000d90:	e1570003 	cmp	r7, r3
c0000d94:	e4c82001 	strb	r2, [r8], #1
c0000d98:	bafffffa 	blt	c0000d88 <number+0x240>
c0000d9c:	e1a03007 	mov	r3, r7
c0000da0:	e1a07001 	mov	r7, r1
c0000da4:	e3530000 	cmp	r3, #0	; 0x0
c0000da8:	da000006 	ble	c0000dc8 <number+0x280>
c0000dac:	e24b106c 	sub	r1, fp, #108	; 0x6c
c0000db0:	e1a03007 	mov	r3, r7
c0000db4:	e7d12007 	ldrb	r2, [r1, r7]
c0000db8:	e2477001 	sub	r7, r7, #1	; 0x1
c0000dbc:	e3530000 	cmp	r3, #0	; 0x0
c0000dc0:	e4c82001 	strb	r2, [r8], #1
c0000dc4:	cafffff9 	bgt	c0000db0 <number+0x268>
c0000dc8:	e1a03005 	mov	r3, r5
c0000dcc:	e1a05000 	mov	r5, r0
c0000dd0:	e3530000 	cmp	r3, #0	; 0x0
c0000dd4:	da000005 	ble	c0000df0 <number+0x2a8>
c0000dd8:	e3a02020 	mov	r2, #32	; 0x20
c0000ddc:	e1a03005 	mov	r3, r5
c0000de0:	e2455001 	sub	r5, r5, #1	; 0x1
c0000de4:	e3530000 	cmp	r3, #0	; 0x0
c0000de8:	e4c82001 	strb	r2, [r8], #1
c0000dec:	cafffffa 	bgt	c0000ddc <number+0x294>
c0000df0:	e1a00008 	mov	r0, r8
c0000df4:	e91baff0 	ldmdb	fp, {r4, r5, r6, r7, r8, r9, sl, fp, sp, pc}

c0000df8 <vsprintf>:
c0000df8:	e1a0c00d 	mov	ip, sp
c0000dfc:	e92dddf0 	stmdb	sp!, {r4, r5, r6, r7, r8, sl, fp, ip, lr, pc}
c0000e00:	e24cb004 	sub	fp, ip, #4	; 0x4
c0000e04:	e24dd00c 	sub	sp, sp, #12	; 0xc
c0000e08:	e1a08002 	mov	r8, r2
c0000e0c:	e1a02001 	mov	r2, r1
c0000e10:	e1a0a000 	mov	sl, r0
c0000e14:	e50b1028 	str	r1, [fp, -#40]
c0000e18:	e5d23000 	ldrb	r3, [r2]
c0000e1c:	e1a0700a 	mov	r7, sl
c0000e20:	e3530000 	cmp	r3, #0	; 0x0
c0000e24:	0a000118 	beq	c000128c <vsprintf+0x494>
c0000e28:	e5d23000 	ldrb	r3, [r2]
c0000e2c:	e3530025 	cmp	r3, #37	; 0x25
c0000e30:	1a0000f3 	bne	c0001204 <vsprintf+0x40c>
c0000e34:	e3a06000 	mov	r6, #0	; 0x0
c0000e38:	e51b1028 	ldr	r1, [fp, -#40]
c0000e3c:	e2812001 	add	r2, r1, #1	; 0x1
c0000e40:	e50b2028 	str	r2, [fp, -#40]
c0000e44:	e5d13001 	ldrb	r3, [r1, #1]
c0000e48:	e2433020 	sub	r3, r3, #32	; 0x20
c0000e4c:	e3530010 	cmp	r3, #16	; 0x10
c0000e50:	979ff103 	ldrls	pc, [pc, r3, lsl #2]
c0000e54:	ea00001a 	b	c0000ec4 <vsprintf+0xcc>
c0000e58:	c0000eac 	andgt	r0, r0, ip, lsr #29
c0000e5c:	c0000ec4 	andgt	r0, r0, r4, asr #29
c0000e60:	c0000ec4 	andgt	r0, r0, r4, asr #29
c0000e64:	c0000eb4 	strgth	r0, [r0], -r4
c0000e68:	c0000ec4 	andgt	r0, r0, r4, asr #29
c0000e6c:	c0000ec4 	andgt	r0, r0, r4, asr #29
c0000e70:	c0000ec4 	andgt	r0, r0, r4, asr #29
c0000e74:	c0000ec4 	andgt	r0, r0, r4, asr #29
c0000e78:	c0000ec4 	andgt	r0, r0, r4, asr #29
c0000e7c:	c0000ec4 	andgt	r0, r0, r4, asr #29
c0000e80:	c0000ec4 	andgt	r0, r0, r4, asr #29
c0000e84:	c0000ea4 	andgt	r0, r0, r4, lsr #29
c0000e88:	c0000ec4 	andgt	r0, r0, r4, asr #29
c0000e8c:	c0000e9c 	mulgt	r0, ip, lr
c0000e90:	c0000ec4 	andgt	r0, r0, r4, asr #29
c0000e94:	c0000ec4 	andgt	r0, r0, r4, asr #29
c0000e98:	c0000ebc 	strgth	r0, [r0], -ip
c0000e9c:	e3866010 	orr	r6, r6, #16	; 0x10
c0000ea0:	eaffffe4 	b	c0000e38 <vsprintf+0x40>
c0000ea4:	e3866004 	orr	r6, r6, #4	; 0x4
c0000ea8:	eaffffe2 	b	c0000e38 <vsprintf+0x40>
c0000eac:	e3866008 	orr	r6, r6, #8	; 0x8
c0000eb0:	eaffffe0 	b	c0000e38 <vsprintf+0x40>
c0000eb4:	e3866020 	orr	r6, r6, #32	; 0x20
c0000eb8:	eaffffde 	b	c0000e38 <vsprintf+0x40>
c0000ebc:	e3866001 	orr	r6, r6, #1	; 0x1
c0000ec0:	eaffffdc 	b	c0000e38 <vsprintf+0x40>
c0000ec4:	e51b2028 	ldr	r2, [fp, -#40]
c0000ec8:	e5d23000 	ldrb	r3, [r2]
c0000ecc:	e3e05000 	mvn	r5, #0	; 0x0
c0000ed0:	e353002f 	cmp	r3, #47	; 0x2f
c0000ed4:	9a000006 	bls	c0000ef4 <vsprintf+0xfc>
c0000ed8:	e5d23000 	ldrb	r3, [r2]
c0000edc:	e3530039 	cmp	r3, #57	; 0x39
c0000ee0:	8a000003 	bhi	c0000ef4 <vsprintf+0xfc>
c0000ee4:	e24b0028 	sub	r0, fp, #40	; 0x28
c0000ee8:	ebfffefd 	bl	c0000ae4 <skip_atoi>
c0000eec:	e1a05000 	mov	r5, r0
c0000ef0:	ea000009 	b	c0000f1c <vsprintf+0x124>
c0000ef4:	e51b2028 	ldr	r2, [fp, -#40]
c0000ef8:	e5d23000 	ldrb	r3, [r2]
c0000efc:	e353002a 	cmp	r3, #42	; 0x2a
c0000f00:	1a000005 	bne	c0000f1c <vsprintf+0x124>
c0000f04:	e2823001 	add	r3, r2, #1	; 0x1
c0000f08:	e50b3028 	str	r3, [fp, -#40]
c0000f0c:	e4985004 	ldr	r5, [r8], #4
c0000f10:	e3550000 	cmp	r5, #0	; 0x0
c0000f14:	b2655000 	rsblt	r5, r5, #0	; 0x0
c0000f18:	b3866010 	orrlt	r6, r6, #16	; 0x10
c0000f1c:	e51b3028 	ldr	r3, [fp, -#40]
c0000f20:	e3e0c000 	mvn	ip, #0	; 0x0
c0000f24:	e5d32000 	ldrb	r2, [r3]
c0000f28:	e1a01003 	mov	r1, r3
c0000f2c:	e352002e 	cmp	r2, #46	; 0x2e
c0000f30:	1a000015 	bne	c0000f8c <vsprintf+0x194>
c0000f34:	e2813001 	add	r3, r1, #1	; 0x1
c0000f38:	e50b3028 	str	r3, [fp, -#40]
c0000f3c:	e5d12001 	ldrb	r2, [r1, #1]
c0000f40:	e352002f 	cmp	r2, #47	; 0x2f
c0000f44:	9a000006 	bls	c0000f64 <vsprintf+0x16c>
c0000f48:	e5d13001 	ldrb	r3, [r1, #1]
c0000f4c:	e3530039 	cmp	r3, #57	; 0x39
c0000f50:	8a000003 	bhi	c0000f64 <vsprintf+0x16c>
c0000f54:	e24b0028 	sub	r0, fp, #40	; 0x28
c0000f58:	ebfffee1 	bl	c0000ae4 <skip_atoi>
c0000f5c:	e1a0c000 	mov	ip, r0
c0000f60:	ea000006 	b	c0000f80 <vsprintf+0x188>
c0000f64:	e51b2028 	ldr	r2, [fp, -#40]
c0000f68:	e5d23000 	ldrb	r3, [r2]
c0000f6c:	e353002a 	cmp	r3, #42	; 0x2a
c0000f70:	1a000002 	bne	c0000f80 <vsprintf+0x188>
c0000f74:	e2823001 	add	r3, r2, #1	; 0x1
c0000f78:	e50b3028 	str	r3, [fp, -#40]
c0000f7c:	e498c004 	ldr	ip, [r8], #4
c0000f80:	e35c0000 	cmp	ip, #0	; 0x0
c0000f84:	b3a0c000 	movlt	ip, #0	; 0x0
c0000f88:	e51b1028 	ldr	r1, [fp, -#40]
c0000f8c:	e5d13000 	ldrb	r3, [r1]
c0000f90:	e3e00000 	mvn	r0, #0	; 0x0
c0000f94:	e3530068 	cmp	r3, #104	; 0x68
c0000f98:	0a000005 	beq	c0000fb4 <vsprintf+0x1bc>
c0000f9c:	e5d13000 	ldrb	r3, [r1]
c0000fa0:	e353006c 	cmp	r3, #108	; 0x6c
c0000fa4:	0a000002 	beq	c0000fb4 <vsprintf+0x1bc>
c0000fa8:	e5d13000 	ldrb	r3, [r1]
c0000fac:	e353004c 	cmp	r3, #76	; 0x4c
c0000fb0:	1a000003 	bne	c0000fc4 <vsprintf+0x1cc>
c0000fb4:	e51b2028 	ldr	r2, [fp, -#40]
c0000fb8:	e4d23001 	ldrb	r3, [r2], #1
c0000fbc:	e20300ff 	and	r0, r3, #255	; 0xff
c0000fc0:	e50b2028 	str	r2, [fp, -#40]
c0000fc4:	e51b2028 	ldr	r2, [fp, -#40]
c0000fc8:	e5d23000 	ldrb	r3, [r2]
c0000fcc:	e3a0200a 	mov	r2, #10	; 0xa
c0000fd0:	e2433058 	sub	r3, r3, #88	; 0x58
c0000fd4:	e3530020 	cmp	r3, #32	; 0x20
c0000fd8:	979ff103 	ldrls	pc, [pc, r3, lsl #2]
c0000fdc:	ea00007f 	b	c00011e0 <vsprintf+0x3e8>
c0000fe0:	c00011cc 	andgt	r1, r0, ip, asr #3
c0000fe4:	c00011e0 	andgt	r1, r0, r0, ror #3
c0000fe8:	c00011e0 	andgt	r1, r0, r0, ror #3
c0000fec:	c00011e0 	andgt	r1, r0, r0, ror #3
c0000ff0:	c00011e0 	andgt	r1, r0, r0, ror #3
c0000ff4:	c00011e0 	andgt	r1, r0, r0, ror #3
c0000ff8:	c00011e0 	andgt	r1, r0, r0, ror #3
c0000ffc:	c00011e0 	andgt	r1, r0, r0, ror #3
c0001000:	c00011e0 	andgt	r1, r0, r0, ror #3
c0001004:	c00011e0 	andgt	r1, r0, r0, ror #3
c0001008:	c00011e0 	andgt	r1, r0, r0, ror #3
c000100c:	c0001064 	andgt	r1, r0, r4, rrx
c0001010:	c00011d8 	ldrgtd	r1, [r0], -r8
c0001014:	c00011e0 	andgt	r1, r0, r0, ror #3
c0001018:	c00011e0 	andgt	r1, r0, r0, ror #3
c000101c:	c00011e0 	andgt	r1, r0, r0, ror #3
c0001020:	c00011e0 	andgt	r1, r0, r0, ror #3
c0001024:	c00011d8 	ldrgtd	r1, [r0], -r8
c0001028:	c00011e0 	andgt	r1, r0, r0, ror #3
c000102c:	c00011e0 	andgt	r1, r0, r0, ror #3
c0001030:	c00011e0 	andgt	r1, r0, r0, ror #3
c0001034:	c00011e0 	andgt	r1, r0, r0, ror #3
c0001038:	c00011b0 	strgth	r1, [r0], -r0
c000103c:	c00011c4 	andgt	r1, r0, r4, asr #3
c0001040:	c0001194 	mulgt	r0, r4, r1
c0001044:	c00011e0 	andgt	r1, r0, r0, ror #3
c0001048:	c00011e0 	andgt	r1, r0, r0, ror #3
c000104c:	c00010c0 	andgt	r1, r0, r0, asr #1
c0001050:	c00011e0 	andgt	r1, r0, r0, ror #3
c0001054:	c000121c 	andgt	r1, r0, ip, lsl r2
c0001058:	c00011e0 	andgt	r1, r0, r0, ror #3
c000105c:	c00011e0 	andgt	r1, r0, r0, ror #3
c0001060:	c00011d0 	ldrgtd	r1, [r0], -r0
c0001064:	e3160010 	tst	r6, #16	; 0x10
c0001068:	e2882004 	add	r2, r8, #4	; 0x4
c000106c:	1a000007 	bne	c0001090 <vsprintf+0x298>
c0001070:	e2455001 	sub	r5, r5, #1	; 0x1
c0001074:	e3550000 	cmp	r5, #0	; 0x0
c0001078:	da000004 	ble	c0001090 <vsprintf+0x298>
c000107c:	e3a03020 	mov	r3, #32	; 0x20
c0001080:	e2455001 	sub	r5, r5, #1	; 0x1
c0001084:	e3550000 	cmp	r5, #0	; 0x0
c0001088:	e4c73001 	strb	r3, [r7], #1
c000108c:	cafffffb 	bgt	c0001080 <vsprintf+0x288>
c0001090:	e1a08002 	mov	r8, r2
c0001094:	e2455001 	sub	r5, r5, #1	; 0x1
c0001098:	e5183004 	ldr	r3, [r8, -#4]
c000109c:	e3550000 	cmp	r5, #0	; 0x0
c00010a0:	e4c73001 	strb	r3, [r7], #1
c00010a4:	da000072 	ble	c0001274 <vsprintf+0x47c>
c00010a8:	e3a03020 	mov	r3, #32	; 0x20
c00010ac:	e2455001 	sub	r5, r5, #1	; 0x1
c00010b0:	e3550000 	cmp	r5, #0	; 0x0
c00010b4:	e4c73001 	strb	r3, [r7], #1
c00010b8:	cafffffb 	bgt	c00010ac <vsprintf+0x2b4>
c00010bc:	ea00006c 	b	c0001274 <vsprintf+0x47c>
c00010c0:	e1a0100c 	mov	r1, ip
c00010c4:	e4984004 	ldr	r4, [r8], #4
c00010c8:	e59f3180 	ldr	r3, [pc, #180]	; c0001250 <vsprintf+0x458>
c00010cc:	e3540000 	cmp	r4, #0	; 0x0
c00010d0:	01a04003 	moveq	r4, r3
c00010d4:	e1a00004 	mov	r0, r4
c00010d8:	eb000093 	bl	c000132c <strnlen>
c00010dc:	e3160010 	tst	r6, #16	; 0x10
c00010e0:	1a000009 	bne	c000110c <vsprintf+0x314>
c00010e4:	e1a03005 	mov	r3, r5
c00010e8:	e2455001 	sub	r5, r5, #1	; 0x1
c00010ec:	e1500003 	cmp	r0, r3
c00010f0:	aa000005 	bge	c000110c <vsprintf+0x314>
c00010f4:	e3a02020 	mov	r2, #32	; 0x20
c00010f8:	e1a03005 	mov	r3, r5
c00010fc:	e2455001 	sub	r5, r5, #1	; 0x1
c0001100:	e1500003 	cmp	r0, r3
c0001104:	e4c72001 	strb	r2, [r7], #1
c0001108:	bafffffa 	blt	c00010f8 <vsprintf+0x300>
c000110c:	e1500005 	cmp	r0, r5
c0001110:	c3a03000 	movgt	r3, #0	; 0x0
c0001114:	d3a03001 	movle	r3, #1	; 0x1
c0001118:	e3750001 	cmn	r5, #1	; 0x1
c000111c:	03a03001 	moveq	r3, #1	; 0x1
c0001120:	e3530000 	cmp	r3, #0	; 0x0
c0001124:	0a000012 	beq	c0001174 <vsprintf+0x37c>
c0001128:	e3500000 	cmp	r0, #0	; 0x0
c000112c:	e2451001 	sub	r1, r5, #1	; 0x1
c0001130:	da000004 	ble	c0001148 <vsprintf+0x350>
c0001134:	e1a02000 	mov	r2, r0
c0001138:	e4d43001 	ldrb	r3, [r4], #1
c000113c:	e2522001 	subs	r2, r2, #1	; 0x1
c0001140:	e4c73001 	strb	r3, [r7], #1
c0001144:	1afffffb 	bne	c0001138 <vsprintf+0x340>
c0001148:	e1a03005 	mov	r3, r5
c000114c:	e1a05001 	mov	r5, r1
c0001150:	e1500003 	cmp	r0, r3
c0001154:	aa000046 	bge	c0001274 <vsprintf+0x47c>
c0001158:	e3a02020 	mov	r2, #32	; 0x20
c000115c:	e1a03005 	mov	r3, r5
c0001160:	e2455001 	sub	r5, r5, #1	; 0x1
c0001164:	e1500003 	cmp	r0, r3
c0001168:	e4c72001 	strb	r2, [r7], #1
c000116c:	bafffffa 	blt	c000115c <vsprintf+0x364>
c0001170:	ea00003f 	b	c0001274 <vsprintf+0x47c>
c0001174:	e1530005 	cmp	r3, r5
c0001178:	aa00003d 	bge	c0001274 <vsprintf+0x47c>
c000117c:	e1a02005 	mov	r2, r5
c0001180:	e4d43001 	ldrb	r3, [r4], #1
c0001184:	e2522001 	subs	r2, r2, #1	; 0x1
c0001188:	e4c73001 	strb	r3, [r7], #1
c000118c:	1afffffb 	bne	c0001180 <vsprintf+0x388>
c0001190:	ea000037 	b	c0001274 <vsprintf+0x47c>
c0001194:	e3750001 	cmn	r5, #1	; 0x1
c0001198:	03a05008 	moveq	r5, #8	; 0x8
c000119c:	03866001 	orreq	r6, r6, #1	; 0x1
c00011a0:	e1a00007 	mov	r0, r7
c00011a4:	e3a02010 	mov	r2, #16	; 0x10
c00011a8:	e4981004 	ldr	r1, [r8], #4
c00011ac:	ea00002b 	b	c0001260 <vsprintf+0x468>
c00011b0:	e350006c 	cmp	r0, #108	; 0x6c
c00011b4:	e4982004 	ldr	r2, [r8], #4
c00011b8:	e06a3007 	rsb	r3, sl, r7
c00011bc:	e5823000 	str	r3, [r2]
c00011c0:	ea00002b 	b	c0001274 <vsprintf+0x47c>
c00011c4:	e3a02008 	mov	r2, #8	; 0x8
c00011c8:	ea000013 	b	c000121c <vsprintf+0x424>
c00011cc:	e3866040 	orr	r6, r6, #64	; 0x40
c00011d0:	e3a02010 	mov	r2, #16	; 0x10
c00011d4:	ea000010 	b	c000121c <vsprintf+0x424>
c00011d8:	e3866002 	orr	r6, r6, #2	; 0x2
c00011dc:	ea00000e 	b	c000121c <vsprintf+0x424>
c00011e0:	e51b3028 	ldr	r3, [fp, -#40]
c00011e4:	e5d32000 	ldrb	r2, [r3]
c00011e8:	e3520025 	cmp	r2, #37	; 0x25
c00011ec:	13a03025 	movne	r3, #37	; 0x25
c00011f0:	14c73001 	strneb	r3, [r7], #1
c00011f4:	e51b2028 	ldr	r2, [fp, -#40]
c00011f8:	e5d23000 	ldrb	r3, [r2]
c00011fc:	e3530000 	cmp	r3, #0	; 0x0
c0001200:	0a000002 	beq	c0001210 <vsprintf+0x418>
c0001204:	e5d23000 	ldrb	r3, [r2]
c0001208:	e4c73001 	strb	r3, [r7], #1
c000120c:	ea000018 	b	c0001274 <vsprintf+0x47c>
c0001210:	e2423001 	sub	r3, r2, #1	; 0x1
c0001214:	e50b3028 	str	r3, [fp, -#40]
c0001218:	ea000015 	b	c0001274 <vsprintf+0x47c>
c000121c:	e350006c 	cmp	r0, #108	; 0x6c
c0001220:	0a00000c 	beq	c0001258 <vsprintf+0x460>
c0001224:	e3500068 	cmp	r0, #104	; 0x68
c0001228:	1a000009 	bne	c0001254 <vsprintf+0x45c>
c000122c:	e3160002 	tst	r6, #2	; 0x2
c0001230:	0a000003 	beq	c0001244 <vsprintf+0x44c>
c0001234:	e0d830b2 	ldrh	r3, [r8], #2
c0001238:	e1a03803 	mov	r3, r3, lsl #16
c000123c:	e1a01843 	mov	r1, r3, asr #16
c0001240:	ea000005 	b	c000125c <vsprintf+0x464>
c0001244:	e0d830b2 	ldrh	r3, [r8], #2
c0001248:	e1a01003 	mov	r1, r3
c000124c:	ea000002 	b	c000125c <vsprintf+0x464>
c0001250:	c0001618 	andgt	r1, r0, r8, lsl r6
c0001254:	e3160002 	tst	r6, #2	; 0x2
c0001258:	e4981004 	ldr	r1, [r8], #4
c000125c:	e1a00007 	mov	r0, r7
c0001260:	e1a03005 	mov	r3, r5
c0001264:	e58dc000 	str	ip, [sp]
c0001268:	e58d6004 	str	r6, [sp, #4]
c000126c:	ebfffe35 	bl	c0000b48 <number>
c0001270:	e1a07000 	mov	r7, r0
c0001274:	e51b3028 	ldr	r3, [fp, -#40]
c0001278:	e2832001 	add	r2, r3, #1	; 0x1
c000127c:	e50b2028 	str	r2, [fp, -#40]
c0001280:	e5d31001 	ldrb	r1, [r3, #1]
c0001284:	e3510000 	cmp	r1, #0	; 0x0
c0001288:	1afffee6 	bne	c0000e28 <vsprintf+0x30>
c000128c:	e06a0007 	rsb	r0, sl, r7
c0001290:	e3a03000 	mov	r3, #0	; 0x0
c0001294:	e5c73000 	strb	r3, [r7]
c0001298:	e91badf0 	ldmdb	fp, {r4, r5, r6, r7, r8, sl, fp, sp, pc}

c000129c <sprintf>:
c000129c:	e1a0c00d 	mov	ip, sp
c00012a0:	e92d000e 	stmdb	sp!, {r1, r2, r3}
c00012a4:	e92dd800 	stmdb	sp!, {fp, ip, lr, pc}
c00012a8:	e24cb010 	sub	fp, ip, #16	; 0x10
c00012ac:	e59b1004 	ldr	r1, [fp, #4]
c00012b0:	e28b2008 	add	r2, fp, #8	; 0x8
c00012b4:	ebfffecf 	bl	c0000df8 <vsprintf>
c00012b8:	e91ba800 	ldmdb	fp, {fp, sp, pc}

c00012bc <memcpy>:
c00012bc:	e2522001 	subs	r2, r2, #1	; 0x1
c00012c0:	54d13001 	ldrplb	r3, [r1], #1
c00012c4:	54c03001 	strplb	r3, [r0], #1
c00012c8:	5afffffb 	bpl	c00012bc <memcpy>
c00012cc:	e1a0f00e 	mov	pc, lr

c00012d0 <memzero>:
c00012d0:	e1a02001 	mov	r2, r1
c00012d4:	e3a01000 	mov	r1, #0	; 0x0

c00012d8 <memset>:
c00012d8:	e2522001 	subs	r2, r2, #1	; 0x1
c00012dc:	54c01001 	strplb	r1, [r0], #1
c00012e0:	5afffffc 	bpl	c00012d8 <memset>
c00012e4:	e1a0f00e 	mov	pc, lr

c00012e8 <memeq>:
c00012e8:	e3320000 	teq	r2, #0	; 0x0
c00012ec:	03a00001 	moveq	r0, #1	; 0x1
c00012f0:	01a0f00e 	moveq	pc, lr
c00012f4:	e4d03001 	ldrb	r3, [r0], #1
c00012f8:	e4d1c001 	ldrb	ip, [r1], #1
c00012fc:	e133000c 	teq	r3, ip
c0001300:	13a00000 	movne	r0, #0	; 0x0
c0001304:	11a0f00e 	movne	pc, lr
c0001308:	e2522001 	subs	r2, r2, #1	; 0x1
c000130c:	1afffff8 	bne	c00012f4 <memeq+0xc>
c0001310:	e3a00001 	mov	r0, #1	; 0x1
c0001314:	e1a0f00e 	mov	pc, lr

c0001318 <strcpy>:
c0001318:	e4d13001 	ldrb	r3, [r1], #1
c000131c:	e4c03001 	strb	r3, [r0], #1
c0001320:	e3330000 	teq	r3, #0	; 0x0
c0001324:	1afffffb 	bne	c0001318 <strcpy>
c0001328:	e1a0f00e 	mov	pc, lr

c000132c <strnlen>:
c000132c:	e2803001 	add	r3, r0, #1	; 0x1
c0001330:	e4d02001 	ldrb	r2, [r0], #1
c0001334:	e3320000 	teq	r2, #0	; 0x0
c0001338:	12511001 	subnes	r1, r1, #1	; 0x1
c000133c:	1afffffb 	bne	c0001330 <strnlen+0x4>
c0001340:	e0400003 	sub	r0, r0, r3
c0001344:	e1a0f00e 	mov	pc, lr

c0001348 <__udivsi3>:
c0001348:	e3510000 	cmp	r1, #0	; 0x0
c000134c:	0a00001f 	beq	c00013d0 <Ldiv0>
c0001350:	e3a03001 	mov	r3, #1	; 0x1
c0001354:	e3a02000 	mov	r2, #0	; 0x0
c0001358:	e1500001 	cmp	r0, r1
c000135c:	3a000019 	bcc	c00013c8 <Lgot_result>

c0001360 <Loop1>:
c0001360:	e3510201 	cmp	r1, #268435456	; 0x10000000
c0001364:	31510000 	cmpcc	r1, r0
c0001368:	31a01201 	movcc	r1, r1, lsl #4
c000136c:	31a03203 	movcc	r3, r3, lsl #4
c0001370:	3afffffa 	bcc	c0001360 <Loop1>

c0001374 <Lbignum>:
c0001374:	e3510102 	cmp	r1, #-2147483648	; 0x80000000
c0001378:	31510000 	cmpcc	r1, r0
c000137c:	31a01081 	movcc	r1, r1, lsl #1
c0001380:	31a03083 	movcc	r3, r3, lsl #1
c0001384:	3afffffa 	bcc	c0001374 <Lbignum>

c0001388 <Loop3>:
c0001388:	e1500001 	cmp	r0, r1
c000138c:	20400001 	subcs	r0, r0, r1
c0001390:	21822003 	orrcs	r2, r2, r3
c0001394:	e15000a1 	cmp	r0, r1, lsr #1
c0001398:	204000a1 	subcs	r0, r0, r1, lsr #1
c000139c:	218220a3 	orrcs	r2, r2, r3, lsr #1
c00013a0:	e1500121 	cmp	r0, r1, lsr #2
c00013a4:	20400121 	subcs	r0, r0, r1, lsr #2
c00013a8:	21822123 	orrcs	r2, r2, r3, lsr #2
c00013ac:	e15001a1 	cmp	r0, r1, lsr #3
c00013b0:	204001a1 	subcs	r0, r0, r1, lsr #3
c00013b4:	218221a3 	orrcs	r2, r2, r3, lsr #3
c00013b8:	e3500000 	cmp	r0, #0	; 0x0
c00013bc:	11b03223 	movnes	r3, r3, lsr #4
c00013c0:	11a01221 	movne	r1, r1, lsr #4
c00013c4:	1affffef 	bne	c0001388 <Loop3>

c00013c8 <Lgot_result>:
c00013c8:	e1a00002 	mov	r0, r2
c00013cc:	e1a0f00e 	mov	pc, lr

c00013d0 <Ldiv0>:
c00013d0:	e52de004 	str	lr, [sp, -#4]!
c00013d4:	eb00002e 	bl	c0001494 <__div0>
c00013d8:	e3a00000 	mov	r0, #0	; 0x0
c00013dc:	e8bd8000 	ldmia	sp!, {pc}

c00013e0 <__umodsi3>:
c00013e0:	e3510000 	cmp	r1, #0	; 0x0
c00013e4:	0a000026 	beq	c0001484 <Ldiv0>
c00013e8:	e3a03001 	mov	r3, #1	; 0x1
c00013ec:	e1500001 	cmp	r0, r1
c00013f0:	31a0f00e 	movcc	pc, lr

c00013f4 <Loop1>:
c00013f4:	e3510201 	cmp	r1, #268435456	; 0x10000000
c00013f8:	31510000 	cmpcc	r1, r0
c00013fc:	31a01201 	movcc	r1, r1, lsl #4
c0001400:	31a03203 	movcc	r3, r3, lsl #4
c0001404:	3afffffa 	bcc	c00013f4 <Loop1>

c0001408 <Lbignum>:
c0001408:	e3510102 	cmp	r1, #-2147483648	; 0x80000000
c000140c:	31510000 	cmpcc	r1, r0
c0001410:	31a01081 	movcc	r1, r1, lsl #1
c0001414:	31a03083 	movcc	r3, r3, lsl #1
c0001418:	3afffffa 	bcc	c0001408 <Lbignum>

c000141c <Loop3>:
c000141c:	e3a02000 	mov	r2, #0	; 0x0
c0001420:	e1500001 	cmp	r0, r1
c0001424:	20400001 	subcs	r0, r0, r1
c0001428:	e15000a1 	cmp	r0, r1, lsr #1
c000142c:	204000a1 	subcs	r0, r0, r1, lsr #1
c0001430:	218220e3 	orrcs	r2, r2, r3, ror #1
c0001434:	e1500121 	cmp	r0, r1, lsr #2
c0001438:	20400121 	subcs	r0, r0, r1, lsr #2
c000143c:	21822163 	orrcs	r2, r2, r3, ror #2
c0001440:	e15001a1 	cmp	r0, r1, lsr #3
c0001444:	204001a1 	subcs	r0, r0, r1, lsr #3
c0001448:	218221e3 	orrcs	r2, r2, r3, ror #3
c000144c:	e1a0c003 	mov	ip, r3
c0001450:	e3500000 	cmp	r0, #0	; 0x0
c0001454:	11b03223 	movnes	r3, r3, lsr #4
c0001458:	11a01221 	movne	r1, r1, lsr #4
c000145c:	1affffee 	bne	c000141c <Loop3>
c0001460:	e212220e 	ands	r2, r2, #-536870912	; 0xe0000000
c0001464:	01a0f00e 	moveq	pc, lr
c0001468:	e11201ec 	tst	r2, ip, ror #3
c000146c:	108001a1 	addne	r0, r0, r1, lsr #3
c0001470:	e112016c 	tst	r2, ip, ror #2
c0001474:	10800121 	addne	r0, r0, r1, lsr #2
c0001478:	e11200ec 	tst	r2, ip, ror #1
c000147c:	108000a1 	addne	r0, r0, r1, lsr #1
c0001480:	e1a0f00e 	mov	pc, lr

c0001484 <Ldiv0>:
c0001484:	e52de004 	str	lr, [sp, -#4]!
c0001488:	eb000001 	bl	c0001494 <__div0>
c000148c:	e3a00000 	mov	r0, #0	; 0x0
c0001490:	e8bd8000 	ldmia	sp!, {pc}

c0001494 <__div0>:
c0001494:	e92d4002 	stmdb	sp!, {r1, lr}
c0001498:	ef900014 	swi	0x00900014
c000149c:	e3700ffa 	cmn	r0, #1000	; 0x3e8
c00014a0:	28bd8002 	ldmcsia	sp!, {r1, pc}
c00014a4:	e3a01008 	mov	r1, #8	; 0x8
c00014a8:	ef900025 	swi	0x00900025
c00014ac:	e8bd8002 	ldmia	sp!, {r1, pc}
