Build started 23/03/2012 14:43:34.
     1>Project "D:\University\Year 1\CSA\SerialRingLan\SerialRingLan\SerialRingLan.vcxproj" on node 2 (build target(s)).
     1>InitializeBuildStatus:
         Creating "Debug\SerialRingLan.unsuccessfulbuild" because "AlwaysCreate" was specified.
       ClCompile:
         C:\Program Files (x86)\Microsoft Visual Studio 10.0\VC\bin\CL.exe /c /ZI /nologo /W3 /WX- /Od /Oy- /D WIN32 /D _DEBUG /D _CONSOLE /D _UNICODE /D UNICODE /Gm /EHsc /RTC1 /MDd /GS /fp:precise /Zc:wchar_t /Zc:forScope /Fo"Debug\\" /Fd"Debug\vc100.pdb" /Gd /TC /analyze- /errorReport:prompt main.c
         main.c
     1>d:\university\year 1\csa\serialringlan\serialringlan\main.c(304): warning C4996: 'open': The POSIX name for this item is deprecated. Instead, use the ISO C++ conformant name: _open. See online help for details.
                 c:\program files (x86)\microsoft visual studio 10.0\vc\include\io.h(312) : see declaration of 'open'
     1>d:\university\year 1\csa\serialringlan\serialringlan\main.c(334): warning C4996: 'close': The POSIX name for this item is deprecated. Instead, use the ISO C++ conformant name: _close. See online help for details.
                 c:\program files (x86)\microsoft visual studio 10.0\vc\include\io.h(302) : see declaration of 'close'
       ManifestResourceCompile:
         All outputs are up-to-date.
       Link:
         C:\Program Files (x86)\Microsoft Visual Studio 10.0\VC\bin\link.exe /ERRORREPORT:PROMPT /OUT:"D:\University\Year 1\CSA\SerialRingLan\Debug\SerialRingLan.exe" /INCREMENTAL /NOLOGO pdcurses.lib kernel32.lib user32.lib gdi32.lib winspool.lib comdlg32.lib advapi32.lib shell32.lib ole32.lib oleaut32.lib uuid.lib odbc32.lib odbccp32.lib /MANIFEST /ManifestFile:"Debug\SerialRingLan.exe.intermediate.manifest" /MANIFESTUAC:"level='asInvoker' uiAccess='false'" /DEBUG /PDB:"D:\University\Year 1\CSA\SerialRingLan\Debug\SerialRingLan.pdb" /SUBSYSTEM:CONSOLE /TLBID:1 /DYNAMICBASE /NXCOMPAT /IMPLIB:"D:\University\Year 1\CSA\SerialRingLan\Debug\SerialRingLan.lib" /MACHINE:X86 Debug\SerialRingLan.exe.embed.manifest.res
         Debug\main.obj
         Debug\packet.obj
         Debug\platform.obj
         Debug\queue.obj
         Debug\receive.obj
         Debug\thread.obj
         Debug\transmit.obj
         Debug\userTable.obj
         PDCurses\pdcurses.lib
       Manifest:
         C:\Program Files (x86)\Microsoft SDKs\Windows\v7.0A\bin\mt.exe /nologo /verbose /out:"Debug\SerialRingLan.exe.embed.manifest" /manifest Debug\SerialRingLan.exe.intermediate.manifest
         All outputs are up-to-date.
       LinkEmbedManifest:
         All outputs are up-to-date.
         SerialRingLan.vcxproj -> D:\University\Year 1\CSA\SerialRingLan\Debug\SerialRingLan.exe
       FinalizeBuildStatus:
         Deleting file "Debug\SerialRingLan.unsuccessfulbuild".
         Touching "Debug\SerialRingLan.lastbuildstate".
     1>Done Building Project "D:\University\Year 1\CSA\SerialRingLan\SerialRingLan\SerialRingLan.vcxproj" (build target(s)).

Build succeeded.

Time Elapsed 00:00:00.59
