D:\DROPBOX\UNIVERSITY\SERIALRINGLAN\SERIALRINGLAN\DEBUG\SERIALRINGLAN.EXE
D:\DROPBOX\UNIVERSITY\SERIALRINGLAN\SERIALRINGLAN\DEBUG\SERIALRINGLAN.ILK
D:\DROPBOX\UNIVERSITY\SERIALRINGLAN\SERIALRINGLAN\DEBUG\SERIALRINGLAN.PDB
D:\Dropbox\University\SerialRingLan\SerialRingLan\SerialRingLan\Debug\cl.command.1.tlog
D:\Dropbox\University\SerialRingLan\SerialRingLan\SerialRingLan\Debug\CL.read.1.tlog
D:\Dropbox\University\SerialRingLan\SerialRingLan\SerialRingLan\Debug\cl.write.1.tlog
D:\Dropbox\University\SerialRingLan\SerialRingLan\SerialRingLan\Debug\link.command.1.tlog
D:\Dropbox\University\SerialRingLan\SerialRingLan\SerialRingLan\Debug\link.read.1.tlog
D:\Dropbox\University\SerialRingLan\SerialRingLan\SerialRingLan\Debug\link.write.1.tlog
D:\Dropbox\University\SerialRingLan\SerialRingLan\SerialRingLan\Debug\link-cvtres.read.1.tlog
D:\Dropbox\University\SerialRingLan\SerialRingLan\SerialRingLan\Debug\link-cvtres.write.1.tlog
D:\DROPBOX\UNIVERSITY\SERIALRINGLAN\SERIALRINGLAN\SERIALRINGLAN\DEBUG\MAIN.OBJ
D:\Dropbox\University\SerialRingLan\SerialRingLan\SerialRingLan\Debug\mt.command.1.tlog
D:\Dropbox\University\SerialRingLan\SerialRingLan\SerialRingLan\Debug\mt.read.1.tlog
D:\Dropbox\University\SerialRingLan\SerialRingLan\SerialRingLan\Debug\mt.write.1.tlog
D:\DROPBOX\UNIVERSITY\SERIALRINGLAN\SERIALRINGLAN\SERIALRINGLAN\DEBUG\PACKET.OBJ
D:\DROPBOX\UNIVERSITY\SERIALRINGLAN\SERIALRINGLAN\SERIALRINGLAN\DEBUG\PLATFORM.OBJ
D:\DROPBOX\UNIVERSITY\SERIALRINGLAN\SERIALRINGLAN\SERIALRINGLAN\DEBUG\QUEUE.OBJ
D:\Dropbox\University\SerialRingLan\SerialRingLan\SerialRingLan\Debug\rc.command.1.tlog
D:\Dropbox\University\SerialRingLan\SerialRingLan\SerialRingLan\Debug\rc.read.1.tlog
D:\Dropbox\University\SerialRingLan\SerialRingLan\SerialRingLan\Debug\rc.write.1.tlog
D:\DROPBOX\UNIVERSITY\SERIALRINGLAN\SERIALRINGLAN\SERIALRINGLAN\DEBUG\RECEIVE.OBJ
D:\Dropbox\University\SerialRingLan\SerialRingLan\SerialRingLan\Debug\SerialRingLan.exe.embed.manifest
D:\DROPBOX\UNIVERSITY\SERIALRINGLAN\SERIALRINGLAN\SERIALRINGLAN\DEBUG\SERIALRINGLAN.EXE.EMBED.MANIFEST.RES
D:\DROPBOX\UNIVERSITY\SERIALRINGLAN\SERIALRINGLAN\SERIALRINGLAN\DEBUG\SERIALRINGLAN.EXE.INTERMEDIATE.MANIFEST
D:\Dropbox\University\SerialRingLan\SerialRingLan\SerialRingLan\Debug\SerialRingLan.ilk
D:\Dropbox\University\SerialRingLan\SerialRingLan\SerialRingLan\Debug\SerialRingLan.pdb
D:\Dropbox\University\SerialRingLan\SerialRingLan\SerialRingLan\Debug\SerialRingLan_manifest.rc
D:\DROPBOX\UNIVERSITY\SERIALRINGLAN\SERIALRINGLAN\SERIALRINGLAN\DEBUG\THREAD.OBJ
D:\DROPBOX\UNIVERSITY\SERIALRINGLAN\SERIALRINGLAN\SERIALRINGLAN\DEBUG\TRANSMIT.OBJ
D:\DROPBOX\UNIVERSITY\SERIALRINGLAN\SERIALRINGLAN\SERIALRINGLAN\DEBUG\USERTABLE.OBJ
D:\Dropbox\University\SerialRingLan\SerialRingLan\SerialRingLan\Debug\vc100.idb
D:\DROPBOX\UNIVERSITY\SERIALRINGLAN\SERIALRINGLAN\SERIALRINGLAN\DEBUG\VC100.PDB
D:\UNIVERSITY\CSA\SERIALRINGLAN\SERIALRINGLAN\DEBUG\SERIALRINGLAN.EXE
D:\UNIVERSITY\CSA\SERIALRINGLAN\SERIALRINGLAN\DEBUG\SERIALRINGLAN.ILK
D:\UNIVERSITY\CSA\SERIALRINGLAN\SERIALRINGLAN\DEBUG\SERIALRINGLAN.PDB
D:\UNIVERSITY\CSA\SERIALRINGLAN\SERIALRINGLAN\SERIALRINGLAN\DEBUG\MAIN.OBJ
D:\UNIVERSITY\CSA\SERIALRINGLAN\SERIALRINGLAN\SERIALRINGLAN\DEBUG\PACKET.OBJ
D:\UNIVERSITY\CSA\SERIALRINGLAN\SERIALRINGLAN\SERIALRINGLAN\DEBUG\PLATFORM.OBJ
D:\UNIVERSITY\CSA\SERIALRINGLAN\SERIALRINGLAN\SERIALRINGLAN\DEBUG\QUEUE.OBJ
D:\UNIVERSITY\CSA\SERIALRINGLAN\SERIALRINGLAN\SERIALRINGLAN\DEBUG\RECEIVE.OBJ
D:\UNIVERSITY\CSA\SERIALRINGLAN\SERIALRINGLAN\SERIALRINGLAN\DEBUG\SERIALRINGLAN.EXE.EMBED.MANIFEST
D:\UNIVERSITY\CSA\SERIALRINGLAN\SERIALRINGLAN\SERIALRINGLAN\DEBUG\SERIALRINGLAN.EXE.EMBED.MANIFEST.RES
D:\UNIVERSITY\CSA\SERIALRINGLAN\SERIALRINGLAN\SERIALRINGLAN\DEBUG\SERIALRINGLAN.EXE.INTERMEDIATE.MANIFEST
D:\UNIVERSITY\CSA\SERIALRINGLAN\SERIALRINGLAN\SERIALRINGLAN\DEBUG\THREAD.OBJ
D:\UNIVERSITY\CSA\SERIALRINGLAN\SERIALRINGLAN\SERIALRINGLAN\DEBUG\TRANSMIT.OBJ
D:\UNIVERSITY\CSA\SERIALRINGLAN\SERIALRINGLAN\SERIALRINGLAN\DEBUG\USERTABLE.OBJ
D:\UNIVERSITY\CSA\SERIALRINGLAN\SERIALRINGLAN\SERIALRINGLAN\DEBUG\VC100.PDB
W:\PROFILE\J2-JOHNS\CSA\SERIALRINGLAN\SERIALRINGLAN\DEBUG\SERIALRINGLAN.EXE
W:\PROFILE\J2-JOHNS\CSA\SERIALRINGLAN\SERIALRINGLAN\DEBUG\SERIALRINGLAN.ILK
W:\PROFILE\J2-JOHNS\CSA\SERIALRINGLAN\SERIALRINGLAN\DEBUG\SERIALRINGLAN.PDB
W:\PROFILE\J2-JOHNS\CSA\SERIALRINGLAN\SERIALRINGLAN\SERIALRINGLAN\DEBUG\MAIN.OBJ
W:\PROFILE\J2-JOHNS\CSA\SERIALRINGLAN\SERIALRINGLAN\SERIALRINGLAN\DEBUG\PACKET.OBJ
W:\PROFILE\J2-JOHNS\CSA\SERIALRINGLAN\SERIALRINGLAN\SERIALRINGLAN\DEBUG\PLATFORM.OBJ
W:\PROFILE\J2-JOHNS\CSA\SERIALRINGLAN\SERIALRINGLAN\SERIALRINGLAN\DEBUG\QUEUE.OBJ
W:\PROFILE\J2-JOHNS\CSA\SERIALRINGLAN\SERIALRINGLAN\SERIALRINGLAN\DEBUG\RECEIVE.OBJ
W:\PROFILE\J2-JOHNS\CSA\SERIALRINGLAN\SERIALRINGLAN\SERIALRINGLAN\DEBUG\SERIALRINGLAN.EXE.EMBED.MANIFEST.RES
W:\PROFILE\J2-JOHNS\CSA\SERIALRINGLAN\SERIALRINGLAN\SERIALRINGLAN\DEBUG\SERIALRINGLAN.EXE.INTERMEDIATE.MANIFEST
W:\PROFILE\J2-JOHNS\CSA\SERIALRINGLAN\SERIALRINGLAN\SERIALRINGLAN\DEBUG\THREAD.OBJ
W:\PROFILE\J2-JOHNS\CSA\SERIALRINGLAN\SERIALRINGLAN\SERIALRINGLAN\DEBUG\TRANSMIT.OBJ
W:\PROFILE\J2-JOHNS\CSA\SERIALRINGLAN\SERIALRINGLAN\SERIALRINGLAN\DEBUG\USERTABLE.OBJ
W:\PROFILE\J2-JOHNS\CSA\SERIALRINGLAN\SERIALRINGLAN\SERIALRINGLAN\DEBUG\VC100.PDB
