D:\UNIVERSITY\CSA\SERIALRINGLAN\SERIALRINGLAN\DEBUG\SERIALRINGLAN.EXE
D:\UNIVERSITY\CSA\SERIALRINGLAN\SERIALRINGLAN\DEBUG\SERIALRINGLAN.ILK
D:\UNIVERSITY\CSA\SERIALRINGLAN\SERIALRINGLAN\DEBUG\SERIALRINGLAN.PDB
D:\University\CSA\SerialRingLan\SerialRingLan\SerialRingLan\Debug\cl.command.1.tlog
D:\University\CSA\SerialRingLan\SerialRingLan\SerialRingLan\Debug\CL.read.1.tlog
D:\University\CSA\SerialRingLan\SerialRingLan\SerialRingLan\Debug\CL.write.1.tlog
D:\University\CSA\SerialRingLan\SerialRingLan\SerialRingLan\Debug\link.3452.read.1.tlog
D:\University\CSA\SerialRingLan\SerialRingLan\SerialRingLan\Debug\link.3452.write.1.tlog
D:\University\CSA\SerialRingLan\SerialRingLan\SerialRingLan\Debug\link.3452-cvtres.read.1.tlog
D:\University\CSA\SerialRingLan\SerialRingLan\SerialRingLan\Debug\link.3452-cvtres.write.1.tlog
D:\University\CSA\SerialRingLan\SerialRingLan\SerialRingLan\Debug\link.command.1.tlog
D:\University\CSA\SerialRingLan\SerialRingLan\SerialRingLan\Debug\link.read.1.tlog
D:\University\CSA\SerialRingLan\SerialRingLan\SerialRingLan\Debug\link.write.1.tlog
D:\University\CSA\SerialRingLan\SerialRingLan\SerialRingLan\Debug\link-cvtres.read.1.tlog
D:\University\CSA\SerialRingLan\SerialRingLan\SerialRingLan\Debug\link-cvtres.write.1.tlog
D:\UNIVERSITY\CSA\SERIALRINGLAN\SERIALRINGLAN\SERIALRINGLAN\DEBUG\MAIN.OBJ
D:\University\CSA\SerialRingLan\SerialRingLan\SerialRingLan\Debug\mt.command.1.tlog
D:\University\CSA\SerialRingLan\SerialRingLan\SerialRingLan\Debug\mt.read.1.tlog
D:\University\CSA\SerialRingLan\SerialRingLan\SerialRingLan\Debug\mt.write.1.tlog
D:\UNIVERSITY\CSA\SERIALRINGLAN\SERIALRINGLAN\SERIALRINGLAN\DEBUG\PACKET.OBJ
D:\UNIVERSITY\CSA\SERIALRINGLAN\SERIALRINGLAN\SERIALRINGLAN\DEBUG\PLATFORM.OBJ
D:\UNIVERSITY\CSA\SERIALRINGLAN\SERIALRINGLAN\SERIALRINGLAN\DEBUG\QUEUE.OBJ
D:\University\CSA\SerialRingLan\SerialRingLan\SerialRingLan\Debug\rc.command.1.tlog
D:\University\CSA\SerialRingLan\SerialRingLan\SerialRingLan\Debug\rc.read.1.tlog
D:\University\CSA\SerialRingLan\SerialRingLan\SerialRingLan\Debug\rc.write.1.tlog
D:\UNIVERSITY\CSA\SERIALRINGLAN\SERIALRINGLAN\SERIALRINGLAN\DEBUG\RECEIVE.OBJ
D:\UNIVERSITY\CSA\SERIALRINGLAN\SERIALRINGLAN\SERIALRINGLAN\DEBUG\SERIALRINGLAN.EXE.EMBED.MANIFEST
D:\UNIVERSITY\CSA\SERIALRINGLAN\SERIALRINGLAN\SERIALRINGLAN\DEBUG\SERIALRINGLAN.EXE.EMBED.MANIFEST.RES
D:\UNIVERSITY\CSA\SERIALRINGLAN\SERIALRINGLAN\SERIALRINGLAN\DEBUG\SERIALRINGLAN.EXE.INTERMEDIATE.MANIFEST
D:\University\CSA\SerialRingLan\SerialRingLan\SerialRingLan\Debug\SerialRingLan_manifest.rc
D:\UNIVERSITY\CSA\SERIALRINGLAN\SERIALRINGLAN\SERIALRINGLAN\DEBUG\THREAD.OBJ
D:\UNIVERSITY\CSA\SERIALRINGLAN\SERIALRINGLAN\SERIALRINGLAN\DEBUG\TRANSMIT.OBJ
D:\UNIVERSITY\CSA\SERIALRINGLAN\SERIALRINGLAN\SERIALRINGLAN\DEBUG\USERTABLE.OBJ
D:\University\CSA\SerialRingLan\SerialRingLan\SerialRingLan\Debug\vc100.idb
D:\UNIVERSITY\CSA\SERIALRINGLAN\SERIALRINGLAN\SERIALRINGLAN\DEBUG\VC100.PDB
W:\PROFILE\J2-JOHNS\CSA\SERIALRINGLAN\SERIALRINGLAN\DEBUG\SERIALRINGLAN.PDB
W:\PROFILE\J2-JOHNS\CSA\SERIALRINGLAN\SERIALRINGLAN\SERIALRINGLAN\DEBUG\MAIN.OBJ
W:\PROFILE\J2-JOHNS\CSA\SERIALRINGLAN\SERIALRINGLAN\SERIALRINGLAN\DEBUG\PACKET.OBJ
W:\PROFILE\J2-JOHNS\CSA\SERIALRINGLAN\SERIALRINGLAN\SERIALRINGLAN\DEBUG\PLATFORM.OBJ
W:\PROFILE\J2-JOHNS\CSA\SERIALRINGLAN\SERIALRINGLAN\SERIALRINGLAN\DEBUG\QUEUE.OBJ
W:\PROFILE\J2-JOHNS\CSA\SERIALRINGLAN\SERIALRINGLAN\SERIALRINGLAN\DEBUG\RECEIVE.OBJ
W:\PROFILE\J2-JOHNS\CSA\SERIALRINGLAN\SERIALRINGLAN\SERIALRINGLAN\DEBUG\THREAD.OBJ
W:\PROFILE\J2-JOHNS\CSA\SERIALRINGLAN\SERIALRINGLAN\SERIALRINGLAN\DEBUG\TRANSMIT.OBJ
W:\PROFILE\J2-JOHNS\CSA\SERIALRINGLAN\SERIALRINGLAN\SERIALRINGLAN\DEBUG\USERTABLE.OBJ
W:\PROFILE\J2-JOHNS\CSA\SERIALRINGLAN\SERIALRINGLAN\SERIALRINGLAN\DEBUG\VC100.PDB
