Build started 20/03/2012 12:48:07.
     1>Project "W:\profile\j2-johns\CSA\SerialRingLan\SerialRingLan\SerialRingLan\SerialRingLan.vcxproj" on node 2 (build target(s)).
     1>InitializeBuildStatus:
         Creating "Debug\SerialRingLan.unsuccessfulbuild" because "AlwaysCreate" was specified.
       ClCompile:
         c:\Program Files\Microsoft Visual Studio 10.0\VC\bin\CL.exe /c /ZI /nologo /W3 /WX- /Od /Oy- /D WIN32 /D _DEBUG /D _CONSOLE /D _UNICODE /D UNICODE /Gm /EHsc /RTC1 /MDd /GS /fp:precise /Zc:wchar_t /Zc:forScope /Fo"Debug\\" /Fd"Debug\vc100.pdb" /Gd /TC /analyze- /errorReport:prompt receive.c
         receive.c
     1>w:\profile\j2-johns\csa\serialringlan\serialringlan\serialringlan\receive.c(114): warning C4996: 'read': The POSIX name for this item is deprecated. Instead, use the ISO C++ conformant name: _read. See online help for details.
                 c:\program files\microsoft visual studio 10.0\vc\include\io.h(313) : see declaration of 'read'
     1>w:\profile\j2-johns\csa\serialringlan\serialringlan\serialringlan\receive.c(116): warning C4996: 'read': The POSIX name for this item is deprecated. Instead, use the ISO C++ conformant name: _read. See online help for details.
                 c:\program files\microsoft visual studio 10.0\vc\include\io.h(313) : see declaration of 'read'
     1>w:\profile\j2-johns\csa\serialringlan\serialringlan\serialringlan\receive.c(118): warning C4996: 'read': The POSIX name for this item is deprecated. Instead, use the ISO C++ conformant name: _read. See online help for details.
                 c:\program files\microsoft visual studio 10.0\vc\include\io.h(313) : see declaration of 'read'
     1>w:\profile\j2-johns\csa\serialringlan\serialringlan\serialringlan\receive.c(120): warning C4996: 'read': The POSIX name for this item is deprecated. Instead, use the ISO C++ conformant name: _read. See online help for details.
                 c:\program files\microsoft visual studio 10.0\vc\include\io.h(313) : see declaration of 'read'
     1>w:\profile\j2-johns\csa\serialringlan\serialringlan\serialringlan\receive.c(127): warning C4996: 'read': The POSIX name for this item is deprecated. Instead, use the ISO C++ conformant name: _read. See online help for details.
                 c:\program files\microsoft visual studio 10.0\vc\include\io.h(313) : see declaration of 'read'
     1>w:\profile\j2-johns\csa\serialringlan\serialringlan\serialringlan\receive.c(131): warning C4996: 'read': The POSIX name for this item is deprecated. Instead, use the ISO C++ conformant name: _read. See online help for details.
                 c:\program files\microsoft visual studio 10.0\vc\include\io.h(313) : see declaration of 'read'
     1>w:\profile\j2-johns\csa\serialringlan\serialringlan\serialringlan\receive.c(135): warning C4996: 'read': The POSIX name for this item is deprecated. Instead, use the ISO C++ conformant name: _read. See online help for details.
                 c:\program files\microsoft visual studio 10.0\vc\include\io.h(313) : see declaration of 'read'
       ManifestResourceCompile:
         All outputs are up-to-date.
       Link:
         c:\Program Files\Microsoft Visual Studio 10.0\VC\bin\link.exe /ERRORREPORT:PROMPT /OUT:"W:\profile\j2-johns\CSA\SerialRingLan\SerialRingLan\Debug\SerialRingLan.exe" /INCREMENTAL /NOLOGO pdcurses.lib kernel32.lib user32.lib gdi32.lib winspool.lib comdlg32.lib advapi32.lib shell32.lib ole32.lib oleaut32.lib uuid.lib odbc32.lib odbccp32.lib /MANIFEST /ManifestFile:"Debug\SerialRingLan.exe.intermediate.manifest" /MANIFESTUAC:"level='asInvoker' uiAccess='false'" /DEBUG /PDB:"W:\profile\j2-johns\CSA\SerialRingLan\SerialRingLan\Debug\SerialRingLan.pdb" /SUBSYSTEM:CONSOLE /TLBID:1 /DYNAMICBASE /NXCOMPAT /IMPLIB:"W:\profile\j2-johns\CSA\SerialRingLan\SerialRingLan\Debug\SerialRingLan.lib" /MACHINE:X86 Debug\SerialRingLan.exe.embed.manifest.res
         Debug\main.obj
         Debug\packet.obj
         Debug\platform.obj
         Debug\queue.obj
         Debug\receive.obj
         Debug\thread.obj
         Debug\transmit.obj
         Debug\userTable.obj
         PDCurses\pdcurses.lib
       Manifest:
         C:\Program Files\Microsoft SDKs\Windows\v7.0A\bin\mt.exe /nologo /verbose /out:"Debug\SerialRingLan.exe.embed.manifest" /manifest Debug\SerialRingLan.exe.intermediate.manifest
         All outputs are up-to-date.
       LinkEmbedManifest:
         c:\Program Files\Microsoft Visual Studio 10.0\VC\bin\link.exe /ERRORREPORT:PROMPT /OUT:"W:\profile\j2-johns\CSA\SerialRingLan\SerialRingLan\Debug\SerialRingLan.exe" /INCREMENTAL /NOLOGO pdcurses.lib kernel32.lib user32.lib gdi32.lib winspool.lib comdlg32.lib advapi32.lib shell32.lib ole32.lib oleaut32.lib uuid.lib odbc32.lib odbccp32.lib /MANIFEST /ManifestFile:"Debug\SerialRingLan.exe.intermediate.manifest" /MANIFESTUAC:"level='asInvoker' uiAccess='false'" /DEBUG /PDB:"W:\profile\j2-johns\CSA\SerialRingLan\SerialRingLan\Debug\SerialRingLan.pdb" /SUBSYSTEM:CONSOLE /TLBID:1 /DYNAMICBASE /NXCOMPAT /IMPLIB:"W:\profile\j2-johns\CSA\SerialRingLan\SerialRingLan\Debug\SerialRingLan.lib" /MACHINE:X86 Debug\SerialRingLan.exe.embed.manifest.res
         Debug\main.obj
         Debug\packet.obj
         Debug\platform.obj
         Debug\queue.obj
         Debug\receive.obj
         Debug\thread.obj
         Debug\transmit.obj
         Debug\userTable.obj
         PDCurses\pdcurses.lib
         SerialRingLan.vcxproj -> W:\profile\j2-johns\CSA\SerialRingLan\SerialRingLan\Debug\SerialRingLan.exe
       FinalizeBuildStatus:
         Deleting file "Debug\SerialRingLan.unsuccessfulbuild".
         Touching "Debug\SerialRingLan.lastbuildstate".
     1>Done Building Project "W:\profile\j2-johns\CSA\SerialRingLan\SerialRingLan\SerialRingLan\SerialRingLan.vcxproj" (build target(s)).

Build succeeded.

Time Elapsed 00:00:06.35
